#
# A fatal error has been detected by the Java Runtime Environment:
#
#  SIGSEGV (0xb) at pc=0x00007f3c80d12cab, pid=19803, tid=139897548547840
#
# JRE version: Java(TM) SE Runtime Environment (7.0_72-b14) (build 1.7.0_72-b14)
# Java VM: Java HotSpot(TM) 64-Bit Server VM (24.72-b04 mixed mode linux-amd64 compressed oops)
# Problematic frame:
# V  [libjvm.so+0x557cab]  STWGCTimer::register_gc_start(Ticks const&)+0xb
#
# Failed to write core dump. Core dumps have been disabled. To enable core dumping, try "ulimit -c unlimited" before starting Java again
#
# If you would like to submit a bug report, please visit:
#   http://bugreport.sun.com/bugreport/crash.jsp
#

---------------  T H R E A D  ---------------

Current thread (0x00007f3c7c06c000):  VMThread [stack: 0x00007f3c6f9fa000,0x00007f3c6fafb000] [id=19815]

siginfo:si_signo=SIGSEGV: si_errno=0, si_code=1 (SEGV_MAPERR), si_addr=0x0000000000000000

Registers:
RAX=0x0000000000000000, RBX=0x00007f3c7c01a5b0, RCX=0x0000000000000000, RDX=0x00007f3c6faf9690
RSP=0x00007f3c6faf92e0, RBP=0x00007f3c6faf92e0, RSI=0x00007f3c6faf9690, RDI=0x00007f3c81607860
R8 =0x000000000000000a, R9 =0x0000000000000000, R10=0x0000000000000016, R11=0x00007f3c817a76d0
R12=0x00007f3c7c01ed50, R13=0x000000000000000a, R14=0x00007f3c8161bef8, R15=0x000000000000000a
RIP=0x00007f3c80d12cab, EFLAGS=0x0000000000010206, CSGSFS=0x0000000000000033, ERR=0x0000000000000006
  TRAPNO=0x000000000000000e

Top of Stack: (sp=0x00007f3c6faf92e0)
0x00007f3c6faf92e0:   00007f3c6faf9720 00007f3c81043478
0x00007f3c6faf92f0:   0000000029100000 0000000012c80000
0x00007f3c6faf9300:   0000000000000000 000000000000000a
0x00007f3c6faf9310:   00007f3c7c01d0e0 00007f3c80d13dea
0x00007f3c6faf9320:   00007f3c6faf9390 00007f3c6faf9540
0x00007f3c6faf9330:   00007f3c6faf9500 00007f3c6faf9610
0x00007f3c6faf9340:   00007f3c81606050 00007f3c815f9bb9
0x00007f3c6faf9350:   00007f3c6faf95e0 00007f3c6faf96b0
0x00007f3c6faf9360:   00007f3c6faf9580 00007f3c6faf96a0
0x00007f3c6faf9370:   00007f3c7c01a5b0 00007f3c0000000a
0x00007f3c6faf9380:   00007f3c7c01d390 00007f3c7c01d420
0x00007f3c6faf9390:   00007f3c7c01f330 00007f3c7c01ed50
0x00007f3c6faf93a0:   000000000de2fc50 000000000b05c390
0x00007f3c6faf93b0:   00000000c00d4690 00007f3c7c06a0d0
0x00007f3c6faf93c0:   0000000012c80000 00007f3c7c029df0
0x00007f3c6faf93d0:   00007f3c7c029e00 00007f3c7c02a1d8
0x00007f3c6faf93e0:   00007f3c7c06b3b0 00000000000003d8
0x00007f3c6faf93f0:   00000000005ba718 000000000059a8d2
0x00007f3c6faf9400:   0000000000000000 00007f3c77f73590
0x00007f3c6faf9410:   00007f3c6faf9520 00007f3c77f73590
0x00007f3c6faf9420:   000000006e1a2386 0000000000000000
0x00007f3c6faf9430:   00007f3c6faf9730 00007f3c8105b6f6
0x00007f3c6faf9440:   0000001300000000 00007f3c6faf95c0
0x00007f3c6faf9450:   00007f3c6faf9750 00007f3c6faf9758
0x00007f3c6faf9460:   00007f3c6faf9748 00007f3c7c029e10
0x00007f3c6faf9470:   00007f3c77f73b94 00007f3c7c029e00
0x00007f3c6faf9480:   0000003000000010 00007f3c6faf9820
0x00007f3c6faf9490:   00007f3c6faf9730 00007f3c6c5346a4
0x00007f3c6faf94a0:   00000000086efd0d 0000000000000000
0x00007f3c6faf94b0:   0043472000000002 0000000000000000
0x00007f3c6faf94c0:   00000000000025da 0000000012d17ca1
0x00007f3c6faf94d0:   00007f3c6c534600 00007f3c7c068680 

Instructions: (pc=0x00007f3c80d12cab)
0x00007f3c80d12c8b:   fd ff ff 66 90 55 48 83 c7 28 48 89 e5 c9 e9 a2
0x00007f3c80d12c9b:   fd ff ff 66 90 55 48 8b 47 28 48 89 f2 48 89 e5
0x00007f3c80d12cab:   c7 00 00 00 00 00 c7 47 44 00 00 00 00 48 c7 47
0x00007f3c80d12cbb:   50 00 00 00 00 48 c7 47 48 00 00 00 00 48 c7 47 

Register to memory mapping:

RAX=0x0000000000000000 is an unknown value
RBX=0x00007f3c7c01a5b0 is an unknown value
RCX=0x0000000000000000 is an unknown value
RDX=0x00007f3c6faf9690 is an unknown value
RSP=0x00007f3c6faf92e0 is an unknown value
RBP=0x00007f3c6faf92e0 is an unknown value
RSI=0x00007f3c6faf9690 is an unknown value
RDI=0x00007f3c81607860: <offset 0xe4c860> in /usr/lib/jvm/java-7-oracle/jre/lib/amd64/server/libjvm.so at 0x00007f3c807bb000
R8 =0x000000000000000a is an unknown value
R9 =0x0000000000000000 is an unknown value
R10=0x0000000000000016 is an unknown value
R11=0x00007f3c817a76d0: <offset 0x1756d0> in /lib/x86_64-linux-gnu/libc.so.6 at 0x00007f3c81632000
R12=0x00007f3c7c01ed50 is an unknown value
R13=0x000000000000000a is an unknown value
R14=0x00007f3c8161bef8: <offset 0xe60ef8> in /usr/lib/jvm/java-7-oracle/jre/lib/amd64/server/libjvm.so at 0x00007f3c807bb000
R15=0x000000000000000a is an unknown value


Stack: [0x00007f3c6f9fa000,0x00007f3c6fafb000],  sp=0x00007f3c6faf92e0,  free space=1020k
Native frames: (J=compiled Java code, j=interpreted, Vv=VM code, C=native code)
V  [libjvm.so+0x557cab]  STWGCTimer::register_gc_start(Ticks const&)+0xb
V  [libjvm.so+0x888478]  PSScavenge::invoke_no_policy()+0x48
V  [libjvm.so+0x889b91]  PSScavenge::invoke()+0x41
V  [libjvm.so+0x8407c0]  ParallelScavengeHeap::failed_mem_allocate(unsigned long)+0x70
V  [libjvm.so+0x9a2987]  VM_ParallelGCFailedAllocation::doit()+0x97
V  [libjvm.so+0x9a9e25]  VM_Operation::evaluate()+0x55
V  [libjvm.so+0x9a81ea]  VMThread::evaluate_operation(VM_Operation*)+0xba
V  [libjvm.so+0x9a856e]  VMThread::loop()+0x1ce
V  [libjvm.so+0x9a89e0]  VMThread::run()+0x70
V  [libjvm.so+0x820c28]  java_start(Thread*)+0x108

VM_Operation (0x00007f3c6f2ef390): ParallelGCFailedAllocation, mode: safepoint, requested by thread 0x00007f3c54001000


---------------  P R O C E S S  ---------------

Java Threads: ( => current thread )
  0x00007f3c54001000 JavaThread "SIGTERM handler" daemon [_thread_blocked, id=20734, stack(0x00007f3c6f1f0000,0x00007f3c6f2f1000)]
  0x00007f3bfc005000 JavaThread "RMI RenewClean-[127.0.0.1:42322]" daemon [_thread_blocked, id=20266, stack(0x00007f3c3f362000,0x00007f3c3f463000)]
  0x00007f3c080b4800 JavaThread "RMI Scheduler(0)" daemon [_thread_blocked, id=20085, stack(0x00007f3c3f59d000,0x00007f3c3f69e000)]
  0x00007f3c080b4000 JavaThread "Connect thread localhost session" daemon [_thread_in_native, id=20047, stack(0x00007f3c3f79f000,0x00007f3c3f8a0000)]
  0x00007f3c0803c800 JavaThread "GC Daemon" daemon [_thread_blocked, id=19864, stack(0x00007f3c3fcfd000,0x00007f3c3fdfe000)]
  0x00007f3c0803a800 JavaThread "RMI Reaper" [_thread_blocked, id=19863, stack(0x00007f3c3fdfe000,0x00007f3c3feff000)]
  0x00007f3c08039800 JavaThread "RMI TCP Accept-0" daemon [_thread_in_native, id=19862, stack(0x00007f3c3feff000,0x00007f3c40000000)]
  0x00007f3c08024800 JavaThread "Thread-8" daemon [_thread_in_native, id=19860, stack(0x00007f3c6c032000,0x00007f3c6c133000)]
  0x00007f3c2c009800 JavaThread "http-8080-6" daemon [_thread_blocked, id=19855, stack(0x00007f3c6c133000,0x00007f3c6c234000)]
  0x00007f3c2c007800 JavaThread "http-8080-5" daemon [_thread_blocked, id=19854, stack(0x00007f3c6c234000,0x00007f3c6c335000)]
  0x00007f3c2c005800 JavaThread "http-8080-4" daemon [_thread_blocked, id=19853, stack(0x00007f3c6c335000,0x00007f3c6c436000)]
  0x00007f3c2c004000 JavaThread "http-8080-3" daemon [_thread_blocked, id=19852, stack(0x00007f3c6c436000,0x00007f3c6c537000)]
  0x00007f3c2c003000 JavaThread "http-8080-2" daemon [_thread_blocked, id=19851, stack(0x00007f3c6de12000,0x00007f3c6df13000)]
  0x00007f3c2c002800 JavaThread "http-8080-1" daemon [_thread_blocked, id=19850, stack(0x00007f3c6e014000,0x00007f3c6e115000)]
  0x00007f3c7d06a000 JavaThread "http-8080-Acceptor-0" daemon [_thread_in_native, id=19843, stack(0x00007f3c6df13000,0x00007f3c6e014000)]
  0x00007f3c7d050000 JavaThread "ContainerBackgroundProcessor[StandardEngine[localEngine]]" daemon [_thread_blocked, id=19842, stack(0x00007f3c6dd11000,0x00007f3c6de12000)]
  0x00007f3c7cfe2000 JavaThread "RMI TCP Accept-2001" daemon [_thread_in_native, id=19840, stack(0x00007f3c6dc10000,0x00007f3c6dd11000)]
  0x00007f3c7c0ab000 JavaThread "Service Thread" daemon [_thread_blocked, id=19829, stack(0x00007f3c6eeed000,0x00007f3c6efee000)]
  0x00007f3c7c0a8800 JavaThread "C2 CompilerThread1" daemon [_thread_blocked, id=19828, stack(0x00007f3c6efee000,0x00007f3c6f0ef000)]
  0x00007f3c7c0a5800 JavaThread "C2 CompilerThread0" daemon [_thread_blocked, id=19827, stack(0x00007f3c6f0ef000,0x00007f3c6f1f0000)]
  0x00007f3c7c0a3800 JavaThread "JDWP Event Helper Thread" daemon [_thread_blocked, id=19823, stack(0x00007f3c6f2f1000,0x00007f3c6f3f2000)]
  0x00007f3c7c0a0000 JavaThread "JDWP Transport Listener: dt_socket" daemon [_thread_in_native, id=19820, stack(0x00007f3c6f3f2000,0x00007f3c6f4f3000)]
  0x00007f3c7c092800 JavaThread "Signal Dispatcher" daemon [_thread_blocked, id=19818, stack(0x00007f3c6f6f7000,0x00007f3c6f7f8000)]
  0x00007f3c7c072800 JavaThread "Finalizer" daemon [_thread_blocked, id=19817, stack(0x00007f3c6f7f8000,0x00007f3c6f8f9000)]
  0x00007f3c7c070800 JavaThread "Reference Handler" daemon [_thread_blocked, id=19816, stack(0x00007f3c6f8f9000,0x00007f3c6f9fa000)]
  0x00007f3c7c00c800 JavaThread "main" [_thread_blocked, id=19809, stack(0x00007f3c82122000,0x00007f3c82223000)]

Other Threads:
=>0x00007f3c7c06c000 VMThread [stack: 0x00007f3c6f9fa000,0x00007f3c6fafb000] [id=19815]
  0x00007f3c7c0be000 WatcherThread [stack: 0x00007f3c6edec000,0x00007f3c6eeed000] [id=19830]

VM state:at safepoint (normal execution)

VM Mutex/Monitor currently owned by a thread:  ([mutex/lock_event])
[0x00007f3c7c008910] Threads_lock - owner thread: 0x00007f3c7c06c000
[0x00007f3c7c008e10] Heap_lock - owner thread: 0x00007f3c54001000

Heap
 PSYoungGen      total 176128K, used 167457K [0x00000000eb700000, 0x00000000f7e00000, 0x0000000100000000)
  eden space 163840K, 100% used [0x00000000eb700000,0x00000000f5700000,0x00000000f5700000)
  from space 12288K, 29% used [0x00000000f7200000,0x00000000f75887e8,0x00000000f7e00000)
  to   space 19968K, 0% used [0x00000000f5700000,0x00000000f5700000,0x00000000f6a80000)
 ParOldGen       total 71168K, used 48074K [0x00000000c2600000, 0x00000000c6b80000, 0x00000000eb700000)
  object space 71168K, 67% used [0x00000000c2600000,0x00000000c54f2820,0x00000000c6b80000)
 PSPermGen       total 78336K, used 48450K [0x00000000bd400000, 0x00000000c2080000, 0x00000000c2600000)
  object space 78336K, 61% used [0x00000000bd400000,0x00000000c0350808,0x00000000c2080000)

Card table byte_map: [0x00007f3c77646000,0x00007f3c7785d000] byte_map_base: 0x00007f3c7705c000

Polling page: 0x00007f3c82248000

Code Cache  [0x00007f3c7785d000, 0x00007f3c77f9d000, 0x00007f3c7a85d000)
 total_blobs=2235 nmethods=1807 adapters=387 free_code_cache=41890Kb largest_free_block=42794560

Compilation events (10 events):
Event: 320.991 Thread 0x00007f3c7c0a8800 nmethod 2063 0x00007f3c77f75890 code [0x00007f3c77f759e0, 0x00007f3c77f75a78]
Event: 320.992 Thread 0x00007f3c7c0a5800 nmethod 2064 0x00007f3c77f75450 code [0x00007f3c77f755c0, 0x00007f3c77f756e8]
Event: 321.051 Thread 0x00007f3c7c0a8800 2065             javax.faces.component.UIOutput::getFamily (3 bytes)
Event: 321.052 Thread 0x00007f3c7c0a8800 nmethod 2065 0x00007f3c77f75250 code [0x00007f3c77f75380, 0x00007f3c77f753d8]
Event: 321.075 Thread 0x00007f3c7c0a5800 2066             org.richfaces.renderkit.CellRenderer::styleClass (118 bytes)
Event: 321.085 Thread 0x00007f3c7c0a5800 nmethod 2066 0x00007f3c77f80dd0 code [0x00007f3c77f81020, 0x00007f3c77f81ef0]
Event: 321.138 Thread 0x00007f3c7c0a8800 2067             com.sun.org.apache.xerces.internal.dom.NamedNodeMapImpl::findNamePoint (108 bytes)
Event: 321.139 Thread 0x00007f3c7c0a5800 2068             org.ajax4jsf.resource.InternetResourceBase::encode (49 bytes)
Event: 321.147 Thread 0x00007f3c7c0a5800 nmethod 2068 0x00007f3c77f7ff50 code [0x00007f3c77f80120, 0x00007f3c77f80668]
Event: 321.148 Thread 0x00007f3c7c0a8800 nmethod 2067 0x00007f3c77f658d0 code [0x00007f3c77f65a40, 0x00007f3c77f66038]

GC Heap History (10 events):
Event: 141.167 GC heap before
{Heap before GC invocations=11 (full 0):
 PSYoungGen      total 216576K, used 212279K [0x00000000eb700000, 0x00000000fa300000, 0x0000000100000000)
  eden space 196096K, 100% used [0x00000000eb700000,0x00000000f7680000,0x00000000f7680000)
  from space 20480K, 79% used [0x00000000f8c00000,0x00000000f9bcddc0,0x00000000fa000000)
  to   space 22016K, 0% used [0x00000000f7680000,0x00000000f7680000,0x00000000f8c00000)
 ParOldGen       total 41984K, used 29427K [0x00000000c2600000, 0x00000000c4f00000, 0x00000000eb700000)
  object space 41984K, 70% used [0x00000000c2600000,0x00000000c42bced0,0x00000000c4f00000)
 PSPermGen       total 39424K, used 39114K [0x00000000bd400000, 0x00000000bfa80000, 0x00000000c2600000)
  object space 39424K, 99% used [0x00000000bd400000,0x00000000bfa32a68,0x00000000bfa80000)
Event: 141.193 GC heap after
Heap after GC invocations=11 (full 0):
 PSYoungGen      total 198144K, used 10246K [0x00000000eb700000, 0x00000000f9800000, 0x0000000100000000)
  eden space 187392K, 0% used [0x00000000eb700000,0x00000000eb700000,0x00000000f6e00000)
  from space 10752K, 95% used [0x00000000f7680000,0x00000000f8081870,0x00000000f8100000)
  to   space 21504K, 0% used [0x00000000f8300000,0x00000000f8300000,0x00000000f9800000)
 ParOldGen       total 41984K, used 41302K [0x00000000c2600000, 0x00000000c4f00000, 0x00000000eb700000)
  object space 41984K, 98% used [0x00000000c2600000,0x00000000c4e55918,0x00000000c4f00000)
 PSPermGen       total 39424K, used 39114K [0x00000000bd400000, 0x00000000bfa80000, 0x00000000c2600000)
  object space 39424K, 99% used [0x00000000bd400000,0x00000000bfa32a68,0x00000000bfa80000)
}
Event: 141.215 GC heap before
{Heap before GC invocations=12 (full 1):
 PSYoungGen      total 198144K, used 10246K [0x00000000eb700000, 0x00000000f9800000, 0x0000000100000000)
  eden space 187392K, 0% used [0x00000000eb700000,0x00000000eb700000,0x00000000f6e00000)
  from space 10752K, 95% used [0x00000000f7680000,0x00000000f8081870,0x00000000f8100000)
  to   space 21504K, 0% used [0x00000000f8300000,0x00000000f8300000,0x00000000f9800000)
 ParOldGen       total 41984K, used 41302K [0x00000000c2600000, 0x00000000c4f00000, 0x00000000eb700000)
  object space 41984K, 98% used [0x00000000c2600000,0x00000000c4e55918,0x00000000c4f00000)
 PSPermGen       total 39424K, used 39114K [0x00000000bd400000, 0x00000000bfa80000, 0x00000000c2600000)
  object space 39424K, 99% used [0x00000000bd400000,0x00000000bfa32a68,0x00000000bfa80000)
Event: 141.491 GC heap after
Heap after GC invocations=12 (full 1):
 PSYoungGen      total 198144K, used 0K [0x00000000eb700000, 0x00000000f9800000, 0x0000000100000000)
  eden space 187392K, 0% used [0x00000000eb700000,0x00000000eb700000,0x00000000f6e00000)
  from space 10752K, 0% used [0x00000000f7680000,0x00000000f7680000,0x00000000f8100000)
  to   space 21504K, 0% used [0x00000000f8300000,0x00000000f8300000,0x00000000f9800000)
 ParOldGen       total 71168K, used 40051K [0x00000000c2600000, 0x00000000c6b80000, 0x00000000eb700000)
  object space 71168K, 56% used [0x00000000c2600000,0x00000000c4d1ce08,0x00000000c6b80000)
 PSPermGen       total 78336K, used 39097K [0x00000000bd400000, 0x00000000c2080000, 0x00000000c2600000)
  object space 78336K, 49% used [0x00000000bd400000,0x00000000bfa2e420,0x00000000c2080000)
}
Event: 169.484 GC heap before
{Heap before GC invocations=13 (full 1):
 PSYoungGen      total 198144K, used 187392K [0x00000000eb700000, 0x00000000f9800000, 0x0000000100000000)
  eden space 187392K, 100% used [0x00000000eb700000,0x00000000f6e00000,0x00000000f6e00000)
  from space 10752K, 0% used [0x00000000f7680000,0x00000000f7680000,0x00000000f8100000)
  to   space 21504K, 0% used [0x00000000f8300000,0x00000000f8300000,0x00000000f9800000)
 ParOldGen       total 71168K, used 40051K [0x00000000c2600000, 0x00000000c6b80000, 0x00000000eb700000)
  object space 71168K, 56% used [0x00000000c2600000,0x00000000c4d1ce08,0x00000000c6b80000)
 PSPermGen       total 78336K, used 44529K [0x00000000bd400000, 0x00000000c2080000, 0x00000000c2600000)
  object space 78336K, 56% used [0x00000000bd400000,0x00000000bff7c6a8,0x00000000c2080000)
Event: 169.513 GC heap after
Heap after GC invocations=13 (full 1):
 PSYoungGen      total 191488K, used 11570K [0x00000000eb700000, 0x00000000f8f00000, 0x0000000100000000)
  eden space 179200K, 0% used [0x00000000eb700000,0x00000000eb700000,0x00000000f6600000)
  from space 12288K, 94% used [0x00000000f8300000,0x00000000f8e4c8b8,0x00000000f8f00000)
  to   space 20992K, 0% used [0x00000000f6600000,0x00000000f6600000,0x00000000f7a80000)
 ParOldGen       total 71168K, used 40059K [0x00000000c2600000, 0x00000000c6b80000, 0x00000000eb700000)
  object space 71168K, 56% used [0x00000000c2600000,0x00000000c4d1ee08,0x00000000c6b80000)
 PSPermGen       total 78336K, used 44529K [0x00000000bd400000, 0x00000000c2080000, 0x00000000c2600000)
  object space 78336K, 56% used [0x00000000bd400000,0x00000000bff7c6a8,0x00000000c2080000)
}
Event: 174.798 GC heap before
{Heap before GC invocations=14 (full 1):
 PSYoungGen      total 191488K, used 190770K [0x00000000eb700000, 0x00000000f8f00000, 0x0000000100000000)
  eden space 179200K, 100% used [0x00000000eb700000,0x00000000f6600000,0x00000000f6600000)
  from space 12288K, 94% used [0x00000000f8300000,0x00000000f8e4c8b8,0x00000000f8f00000)
  to   space 20992K, 0% used [0x00000000f6600000,0x00000000f6600000,0x00000000f7a80000)
 ParOldGen       total 71168K, used 40059K [0x00000000c2600000, 0x00000000c6b80000, 0x00000000eb700000)
  object space 71168K, 56% used [0x00000000c2600000,0x00000000c4d1ee08,0x00000000c6b80000)
 PSPermGen       total 78336K, used 45698K [0x00000000bd400000, 0x00000000c2080000, 0x00000000c2600000)
  object space 78336K, 58% used [0x00000000bd400000,0x00000000c00a0a58,0x00000000c2080000)
Event: 174.822 GC heap after
Heap after GC invocations=14 (full 1):
 PSYoungGen      total 180736K, used 9072K [0x00000000eb700000, 0x00000000f8580000, 0x0000000100000000)
  eden space 171520K, 0% used [0x00000000eb700000,0x00000000eb700000,0x00000000f5e80000)
  from space 9216K, 98% used [0x00000000f6600000,0x00000000f6edc390,0x00000000f6f00000)
  to   space 19968K, 0% used [0x00000000f7200000,0x00000000f7200000,0x00000000f8580000)
 ParOldGen       total 71168K, used 46926K [0x00000000c2600000, 0x00000000c6b80000, 0x00000000eb700000)
  object space 71168K, 65% used [0x00000000c2600000,0x00000000c53d38c0,0x00000000c6b80000)
 PSPermGen       total 78336K, used 45698K [0x00000000bd400000, 0x00000000c2080000, 0x00000000c2600000)
  object space 78336K, 58% used [0x00000000bd400000,0x00000000c00a0a58,0x00000000c2080000)
}
Event: 315.719 GC heap before
{Heap before GC invocations=15 (full 1):
 PSYoungGen      total 180736K, used 180592K [0x00000000eb700000, 0x00000000f8580000, 0x0000000100000000)
  eden space 171520K, 100% used [0x00000000eb700000,0x00000000f5e80000,0x00000000f5e80000)
  from space 9216K, 98% used [0x00000000f6600000,0x00000000f6edc390,0x00000000f6f00000)
  to   space 19968K, 0% used [0x00000000f7200000,0x00000000f7200000,0x00000000f8580000)
 ParOldGen       total 71168K, used 46926K [0x00000000c2600000, 0x00000000c6b80000, 0x00000000eb700000)
  object space 71168K, 65% used [0x00000000c2600000,0x00000000c53d38c0,0x00000000c6b80000)
 PSPermGen       total 78336K, used 45905K [0x00000000bd400000, 0x00000000c2080000, 0x00000000c2600000)
  object space 78336K, 58% used [0x00000000bd400000,0x00000000c00d4690,0x00000000c2080000)
Event: 315.729 GC heap after
Heap after GC invocations=15 (full 1):
 PSYoungGen      total 176128K, used 3617K [0x00000000eb700000, 0x00000000f7e00000, 0x0000000100000000)
  eden space 163840K, 0% used [0x00000000eb700000,0x00000000eb700000,0x00000000f5700000)
  from space 12288K, 29% used [0x00000000f7200000,0x00000000f75887e8,0x00000000f7e00000)
  to   space 19968K, 0% used [0x00000000f5700000,0x00000000f5700000,0x00000000f6a80000)
 ParOldGen       total 71168K, used 48074K [0x00000000c2600000, 0x00000000c6b80000, 0x00000000eb700000)
  object space 71168K, 67% used [0x00000000c2600000,0x00000000c54f2820,0x00000000c6b80000)
 PSPermGen       total 78336K, used 45905K [0x00000000bd400000, 0x00000000c2080000, 0x00000000c2600000)
  object space 78336K, 58% used [0x00000000bd400000,0x00000000c00d4690,0x00000000c2080000)
}

Deoptimization events (10 events):
Event: 321.078 Thread 0x00007f3c2c007800 Uncommon trap: reason=unhandled action=none pc=0x00007f3c77c5f6a8 method=java.lang.Class.getField(Ljava/lang/String;)Ljava/lang/reflect/Field; @ 27
Event: 321.078 Thread 0x00007f3c2c007800 Uncommon trap: reason=unreached action=reinterpret pc=0x00007f3c77e12b64 method=java.util.HashMap.removeEntryForKey(Ljava/lang/Object;)Ljava/util/HashMap$Entry; @ 10
Event: 321.078 Thread 0x00007f3c2c007800 Uncommon trap: reason=unhandled action=none pc=0x00007f3c77c86080 method=java.net.URLClassLoader$1.run()Ljava/lang/Class; @ 72
Event: 321.078 Thread 0x00007f3c2c007800 Uncommon trap: reason=unhandled action=none pc=0x00007f3c77c86080 method=java.net.URLClassLoader$1.run()Ljava/lang/Class; @ 72
Event: 321.079 Thread 0x00007f3c2c007800 Uncommon trap: reason=unreached action=reinterpret pc=0x00007f3c77931dcc method=org.ajax4jsf.renderkit.AjaxRendererUtils.getNestingForm(Ljavax/faces/component/UIComponent;)Ljavax/faces/component/UIComponent; @ 3
Event: 321.080 Thread 0x00007f3c2c007800 Uncommon trap: reason=unhandled action=none pc=0x00007f3c77c5f6a8 method=java.lang.Class.getField(Ljava/lang/String;)Ljava/lang/reflect/Field; @ 27
Event: 321.146 Thread 0x00007f3c2c007800 Uncommon trap: reason=unreached action=reinterpret pc=0x00007f3c77e4330c method=com.sun.org.apache.xerces.internal.dom.ParentNode.nodeListGetLength()I @ 11
Event: 321.147 Thread 0x00007f3c2c007800 Uncommon trap: reason=unhandled action=none pc=0x00007f3c77c86080 method=java.net.URLClassLoader$1.run()Ljava/lang/Class; @ 72
Event: 321.147 Thread 0x00007f3c2c007800 Uncommon trap: reason=unhandled action=none pc=0x00007f3c77c86080 method=java.net.URLClassLoader$1.run()Ljava/lang/Class; @ 72
Event: 321.192 Thread 0x00007f3c2c007800 Uncommon trap: reason=unreached action=reinterpret pc=0x00007f3c77f53bdc method=com.sun.org.apache.xerces.internal.dom.ParentNode.nodeListGetLength()I @ 11

Internal exceptions (10 events):
Event: 320.968 Thread 0x00007f3c2c007800 Threw 0x00000000f266c550 at /HUDSON/workspace/7u-2-build-linux-amd64/jdk7u72/1606/hotspot/src/share/vm/classfile/systemDictionary.cpp:185
Event: 321.078 Thread 0x00007f3c2c007800 Implicit null exception at 0x00007f3c77e124b2 to 0x00007f3c77e12b55
Event: 321.078 Thread 0x00007f3c2c007800 Threw 0x00000000f31bdb60 at /HUDSON/workspace/7u-2-build-linux-amd64/jdk7u72/1606/hotspot/src/share/vm/prims/jvm.cpp:1281
Event: 321.078 Thread 0x00007f3c2c007800 Threw 0x00000000f31be2c0 at /HUDSON/workspace/7u-2-build-linux-amd64/jdk7u72/1606/hotspot/src/share/vm/prims/jvm.cpp:1281
Event: 321.133 Thread 0x00007f3c2c007800 Threw 0x00000000f3515768 at /HUDSON/workspace/7u-2-build-linux-amd64/jdk7u72/1606/hotspot/src/share/vm/prims/jni.cpp:1632
Event: 321.146 Thread 0x00007f3c2c007800 Implicit null exception at 0x00007f3c77e43143 to 0x00007f3c77e432f9
Event: 321.147 Thread 0x00007f3c2c007800 Threw 0x00000000f36e1258 at /HUDSON/workspace/7u-2-build-linux-amd64/jdk7u72/1606/hotspot/src/share/vm/prims/jvm.cpp:1281
Event: 321.147 Thread 0x00007f3c2c007800 Threw 0x00000000f36e16e8 at /HUDSON/workspace/7u-2-build-linux-amd64/jdk7u72/1606/hotspot/src/share/vm/prims/jvm.cpp:1281
Event: 321.192 Thread 0x00007f3c2c007800 Implicit null exception at 0x00007f3c77f53a06 to 0x00007f3c77f53bc9
Event: 381.262 Thread 0x00007f3c2c007800 Threw 0x00000000f53a0048 at /HUDSON/workspace/7u-2-build-linux-amd64/jdk7u72/1606/hotspot/src/share/vm/prims/jni.cpp:743

Events (10 events):
Event: 1090.594 Executing VM operation: RevokeBias done
Event: 1390.595 Executing VM operation: RevokeBias
Event: 1390.595 Executing VM operation: RevokeBias done
Event: 1690.596 Executing VM operation: RevokeBias
Event: 1690.596 Executing VM operation: RevokeBias done
Event: 1847.193 Thread 0x00007f3c48001000 Thread exited: 0x00007f3c48001000
Event: 1847.206 loading class 0x00007f3c74d6fe90
Event: 1847.206 loading class 0x00007f3c74d6fe90 done
Event: 1847.206 Thread 0x00007f3c54001000 Thread added: 0x00007f3c54001000
Event: 1847.207 Executing VM operation: ParallelGCFailedAllocation


Dynamic libraries:
00400000-00401000 r-xp 00000000 08:02 9975144                            /usr/lib/jvm/java-7-oracle/bin/java
00600000-00601000 rw-p 00000000 08:02 9975144                            /usr/lib/jvm/java-7-oracle/bin/java
00e3a000-00e5b000 rw-p 00000000 00:00 0                                  [heap]
bd400000-c2080000 rw-p 00000000 00:00 0 
c2080000-c2600000 rw-p 00000000 00:00 0 
c2600000-c6b80000 rw-p 00000000 00:00 0 
c6b80000-eb700000 rw-p 00000000 00:00 0 
eb700000-f7e00000 rw-p 00000000 00:00 0 
f7e00000-fa300000 ---p 00000000 00:00 0 
fa300000-100000000 rw-p 00000000 00:00 0 
7f3bf0000000-7f3bf0021000 rw-p 00000000 00:00 0 
7f3bf0021000-7f3bf4000000 ---p 00000000 00:00 0 
7f3bf8000000-7f3bf8021000 rw-p 00000000 00:00 0 
7f3bf8021000-7f3bfc000000 ---p 00000000 00:00 0 
7f3bfc000000-7f3bfc021000 rw-p 00000000 00:00 0 
7f3bfc021000-7f3c00000000 ---p 00000000 00:00 0 
7f3c00000000-7f3c00021000 rw-p 00000000 00:00 0 
7f3c00021000-7f3c04000000 ---p 00000000 00:00 0 
7f3c04000000-7f3c04021000 rw-p 00000000 00:00 0 
7f3c04021000-7f3c08000000 ---p 00000000 00:00 0 
7f3c08000000-7f3c08413000 rw-p 00000000 00:00 0 
7f3c08413000-7f3c0c000000 ---p 00000000 00:00 0 
7f3c0c000000-7f3c0c137000 rw-p 00000000 00:00 0 
7f3c0c137000-7f3c10000000 ---p 00000000 00:00 0 
7f3c10000000-7f3c10072000 rw-p 00000000 00:00 0 
7f3c10072000-7f3c14000000 ---p 00000000 00:00 0 
7f3c14000000-7f3c14292000 rw-p 00000000 00:00 0 
7f3c14292000-7f3c18000000 ---p 00000000 00:00 0 
7f3c18000000-7f3c18021000 rw-p 00000000 00:00 0 
7f3c18021000-7f3c1c000000 ---p 00000000 00:00 0 
7f3c1c000000-7f3c1c054000 rw-p 00000000 00:00 0 
7f3c1c054000-7f3c20000000 ---p 00000000 00:00 0 
7f3c20000000-7f3c20073000 rw-p 00000000 00:00 0 
7f3c20073000-7f3c24000000 ---p 00000000 00:00 0 
7f3c24000000-7f3c24021000 rw-p 00000000 00:00 0 
7f3c24021000-7f3c28000000 ---p 00000000 00:00 0 
7f3c28000000-7f3c2826c000 rw-p 00000000 00:00 0 
7f3c2826c000-7f3c2c000000 ---p 00000000 00:00 0 
7f3c2c000000-7f3c2c021000 rw-p 00000000 00:00 0 
7f3c2c021000-7f3c30000000 ---p 00000000 00:00 0 
7f3c30000000-7f3c30021000 rw-p 00000000 00:00 0 
7f3c30021000-7f3c34000000 ---p 00000000 00:00 0 
7f3c34000000-7f3c34021000 rw-p 00000000 00:00 0 
7f3c34021000-7f3c38000000 ---p 00000000 00:00 0 
7f3c38000000-7f3c395f3000 rw-p 00000000 00:00 0 
7f3c395f3000-7f3c3c000000 ---p 00000000 00:00 0 
7f3c3eb3a000-7f3c3eb52000 r-xp 00000000 08:02 25822090                   /lib/x86_64-linux-gnu/libresolv-2.15.so
7f3c3eb52000-7f3c3ed52000 ---p 00018000 08:02 25822090                   /lib/x86_64-linux-gnu/libresolv-2.15.so
7f3c3ed52000-7f3c3ed53000 r--p 00018000 08:02 25822090                   /lib/x86_64-linux-gnu/libresolv-2.15.so
7f3c3ed53000-7f3c3ed54000 rw-p 00019000 08:02 25822090                   /lib/x86_64-linux-gnu/libresolv-2.15.so
7f3c3ed54000-7f3c3ed56000 rw-p 00000000 00:00 0 
7f3c3ed56000-7f3c3ed5d000 r-xp 00000000 08:02 25822093                   /lib/x86_64-linux-gnu/libnss_dns-2.15.so
7f3c3ed5d000-7f3c3ef5c000 ---p 00007000 08:02 25822093                   /lib/x86_64-linux-gnu/libnss_dns-2.15.so
7f3c3ef5c000-7f3c3ef5d000 r--p 00006000 08:02 25822093                   /lib/x86_64-linux-gnu/libnss_dns-2.15.so
7f3c3ef5d000-7f3c3ef5e000 rw-p 00007000 08:02 25822093                   /lib/x86_64-linux-gnu/libnss_dns-2.15.so
7f3c3ef5e000-7f3c3ef60000 r-xp 00000000 08:02 25821238                   /lib/libnss_mdns4_minimal.so.2
7f3c3ef60000-7f3c3f15f000 ---p 00002000 08:02 25821238                   /lib/libnss_mdns4_minimal.so.2
7f3c3f15f000-7f3c3f160000 r--p 00001000 08:02 25821238                   /lib/libnss_mdns4_minimal.so.2
7f3c3f160000-7f3c3f161000 rw-p 00002000 08:02 25821238                   /lib/libnss_mdns4_minimal.so.2
7f3c3f161000-7f3c3f162000 r-xp 00000000 08:02 10497106                   /usr/lib/jvm/java-7-oracle/jre/lib/amd64/libjaas_unix.so
7f3c3f162000-7f3c3f361000 ---p 00001000 08:02 10497106                   /usr/lib/jvm/java-7-oracle/jre/lib/amd64/libjaas_unix.so
7f3c3f361000-7f3c3f362000 rw-p 00000000 08:02 10497106                   /usr/lib/jvm/java-7-oracle/jre/lib/amd64/libjaas_unix.so
7f3c3f362000-7f3c3f365000 ---p 00000000 00:00 0 
7f3c3f365000-7f3c3f463000 rw-p 00000000 00:00 0                          [stack:20266]
7f3c3f463000-7f3c3f466000 ---p 00000000 00:00 0 
7f3c3f466000-7f3c3f564000 rw-p 00000000 00:00 0 
7f3c3f564000-7f3c3f567000 ---p 00000000 00:00 0 
7f3c3f567000-7f3c3f59d000 rw-p 00000000 00:00 0 
7f3c3f59d000-7f3c3f5a0000 ---p 00000000 00:00 0 
7f3c3f5a0000-7f3c3f69e000 rw-p 00000000 00:00 0                          [stack:20085]
7f3c3f69e000-7f3c3f6a1000 ---p 00000000 00:00 0 
7f3c3f6a1000-7f3c3f79f000 rw-p 00000000 00:00 0 
7f3c3f79f000-7f3c3f7a2000 ---p 00000000 00:00 0 
7f3c3f7a2000-7f3c3f8a0000 rw-p 00000000 00:00 0                          [stack:20047]
7f3c3f8a0000-7f3c3f8b5000 r-xp 00000000 08:02 25824774                   /lib/x86_64-linux-gnu/libgcc_s.so.1
7f3c3f8b5000-7f3c3fab4000 ---p 00015000 08:02 25824774                   /lib/x86_64-linux-gnu/libgcc_s.so.1
7f3c3fab4000-7f3c3fab5000 r--p 00014000 08:02 25824774                   /lib/x86_64-linux-gnu/libgcc_s.so.1
7f3c3fab5000-7f3c3fab6000 rw-p 00015000 08:02 25824774                   /lib/x86_64-linux-gnu/libgcc_s.so.1
7f3c3fab6000-7f3c3fae8000 r-xp 00000000 08:02 10497114                   /usr/lib/jvm/java-7-oracle/jre/lib/amd64/libsunec.so
7f3c3fae8000-7f3c3fce7000 ---p 00032000 08:02 10497114                   /usr/lib/jvm/java-7-oracle/jre/lib/amd64/libsunec.so
7f3c3fce7000-7f3c3fced000 rw-p 00031000 08:02 10497114                   /usr/lib/jvm/java-7-oracle/jre/lib/amd64/libsunec.so
7f3c3fced000-7f3c3fcfd000 rw-p 00000000 00:00 0 
7f3c3fcfd000-7f3c3fd00000 ---p 00000000 00:00 0 
7f3c3fd00000-7f3c3fdfe000 rw-p 00000000 00:00 0                          [stack:19864]
7f3c3fdfe000-7f3c3fe01000 ---p 00000000 00:00 0 
7f3c3fe01000-7f3c3feff000 rw-p 00000000 00:00 0                          [stack:19863]
7f3c3feff000-7f3c3ff02000 ---p 00000000 00:00 0 
7f3c3ff02000-7f3c40000000 rw-p 00000000 00:00 0                          [stack:19862]
7f3c40000000-7f3c40021000 rw-p 00000000 00:00 0 
7f3c40021000-7f3c44000000 ---p 00000000 00:00 0 
7f3c44000000-7f3c45394000 rw-p 00000000 00:00 0 
7f3c45394000-7f3c48000000 ---p 00000000 00:00 0 
7f3c48000000-7f3c48021000 rw-p 00000000 00:00 0 
7f3c48021000-7f3c4c000000 ---p 00000000 00:00 0 
7f3c4c000000-7f3c4c021000 rw-p 00000000 00:00 0 
7f3c4c021000-7f3c50000000 ---p 00000000 00:00 0 
7f3c50000000-7f3c50021000 rw-p 00000000 00:00 0 
7f3c50021000-7f3c54000000 ---p 00000000 00:00 0 
7f3c54000000-7f3c54021000 rw-p 00000000 00:00 0 
7f3c54021000-7f3c58000000 ---p 00000000 00:00 0 
7f3c58000000-7f3c5824d000 rw-p 00000000 00:00 0 
7f3c5824d000-7f3c5c000000 ---p 00000000 00:00 0 
7f3c5c000000-7f3c5c021000 rw-p 00000000 00:00 0 
7f3c5c021000-7f3c60000000 ---p 00000000 00:00 0 
7f3c60000000-7f3c60033000 rw-p 00000000 00:00 0 
7f3c60033000-7f3c64000000 ---p 00000000 00:00 0 
7f3c64000000-7f3c64043000 rw-p 00000000 00:00 0 
7f3c64043000-7f3c68000000 ---p 00000000 00:00 0 
7f3c68000000-7f3c68021000 rw-p 00000000 00:00 0 
7f3c68021000-7f3c6c000000 ---p 00000000 00:00 0 
7f3c6c032000-7f3c6c035000 ---p 00000000 00:00 0 
7f3c6c035000-7f3c6c133000 rw-p 00000000 00:00 0                          [stack:19860]
7f3c6c133000-7f3c6c136000 ---p 00000000 00:00 0 
7f3c6c136000-7f3c6c234000 rw-p 00000000 00:00 0                          [stack:19855]
7f3c6c234000-7f3c6c237000 ---p 00000000 00:00 0 
7f3c6c237000-7f3c6c335000 rw-p 00000000 00:00 0                          [stack:19854]
7f3c6c335000-7f3c6c338000 ---p 00000000 00:00 0 
7f3c6c338000-7f3c6c436000 rw-p 00000000 00:00 0                          [stack:19853]
7f3c6c436000-7f3c6c439000 ---p 00000000 00:00 0 
7f3c6c439000-7f3c6c537000 rw-p 00000000 00:00 0                          [stack:19852]
7f3c6c537000-7f3c6c53c000 r-xp 00000000 08:02 9706325                    /usr/lib/x86_64-linux-gnu/libXdmcp.so.6.0.0
7f3c6c53c000-7f3c6c73b000 ---p 00005000 08:02 9706325                    /usr/lib/x86_64-linux-gnu/libXdmcp.so.6.0.0
7f3c6c73b000-7f3c6c73c000 r--p 00004000 08:02 9706325                    /usr/lib/x86_64-linux-gnu/libXdmcp.so.6.0.0
7f3c6c73c000-7f3c6c73d000 rw-p 00005000 08:02 9706325                    /usr/lib/x86_64-linux-gnu/libXdmcp.so.6.0.0
7f3c6c73d000-7f3c6c73f000 r-xp 00000000 08:02 9706314                    /usr/lib/x86_64-linux-gnu/libXau.so.6.0.0
7f3c6c73f000-7f3c6c93e000 ---p 00002000 08:02 9706314                    /usr/lib/x86_64-linux-gnu/libXau.so.6.0.0
7f3c6c93e000-7f3c6c93f000 r--p 00001000 08:02 9706314                    /usr/lib/x86_64-linux-gnu/libXau.so.6.0.0
7f3c6c93f000-7f3c6c940000 rw-p 00002000 08:02 9706314                    /usr/lib/x86_64-linux-gnu/libXau.so.6.0.0
7f3c6c940000-7f3c6c95d000 r-xp 00000000 08:02 9700727                    /usr/lib/x86_64-linux-gnu/libxcb.so.1.1.0
7f3c6c95d000-7f3c6cb5c000 ---p 0001d000 08:02 9700727                    /usr/lib/x86_64-linux-gnu/libxcb.so.1.1.0
7f3c6cb5c000-7f3c6cb5d000 r--p 0001c000 08:02 9700727                    /usr/lib/x86_64-linux-gnu/libxcb.so.1.1.0
7f3c6cb5d000-7f3c6cb5e000 rw-p 0001d000 08:02 9700727                    /usr/lib/x86_64-linux-gnu/libxcb.so.1.1.0
7f3c6cb5e000-7f3c6cb6d000 r-xp 00000000 08:02 9703084                    /usr/lib/x86_64-linux-gnu/libXi.so.6.1.0
7f3c6cb6d000-7f3c6cd6c000 ---p 0000f000 08:02 9703084                    /usr/lib/x86_64-linux-gnu/libXi.so.6.1.0
7f3c6cd6c000-7f3c6cd6d000 r--p 0000e000 08:02 9703084                    /usr/lib/x86_64-linux-gnu/libXi.so.6.1.0
7f3c6cd6d000-7f3c6cd6e000 rw-p 0000f000 08:02 9703084                    /usr/lib/x86_64-linux-gnu/libXi.so.6.1.0
7f3c6cd6e000-7f3c6cd73000 r-xp 00000000 08:02 9703095                    /usr/lib/x86_64-linux-gnu/libXtst.so.6.1.0
7f3c6cd73000-7f3c6cf72000 ---p 00005000 08:02 9703095                    /usr/lib/x86_64-linux-gnu/libXtst.so.6.1.0
7f3c6cf72000-7f3c6cf73000 r--p 00004000 08:02 9703095                    /usr/lib/x86_64-linux-gnu/libXtst.so.6.1.0
7f3c6cf73000-7f3c6cf74000 rw-p 00005000 08:02 9703095                    /usr/lib/x86_64-linux-gnu/libXtst.so.6.1.0
7f3c6cf74000-7f3c6cf7d000 r-xp 00000000 08:02 9703085                    /usr/lib/x86_64-linux-gnu/libXrender.so.1.3.0
7f3c6cf7d000-7f3c6d17c000 ---p 00009000 08:02 9703085                    /usr/lib/x86_64-linux-gnu/libXrender.so.1.3.0
7f3c6d17c000-7f3c6d17d000 r--p 00008000 08:02 9703085                    /usr/lib/x86_64-linux-gnu/libXrender.so.1.3.0
7f3c6d17d000-7f3c6d17e000 rw-p 00009000 08:02 9703085                    /usr/lib/x86_64-linux-gnu/libXrender.so.1.3.0
7f3c6d17e000-7f3c6d2ae000 r-xp 00000000 08:02 9700433                    /usr/lib/x86_64-linux-gnu/libX11.so.6.3.0
7f3c6d2ae000-7f3c6d4ae000 ---p 00130000 08:02 9700433                    /usr/lib/x86_64-linux-gnu/libX11.so.6.3.0
7f3c6d4ae000-7f3c6d4af000 r--p 00130000 08:02 9700433                    /usr/lib/x86_64-linux-gnu/libX11.so.6.3.0
7f3c6d4af000-7f3c6d4b3000 rw-p 00131000 08:02 9700433                    /usr/lib/x86_64-linux-gnu/libX11.so.6.3.0
7f3c6d4b3000-7f3c6d4c3000 r-xp 00000000 08:02 9703081                    /usr/lib/x86_64-linux-gnu/libXext.so.6.4.0
7f3c6d4c3000-7f3c6d6c2000 ---p 00010000 08:02 9703081                    /usr/lib/x86_64-linux-gnu/libXext.so.6.4.0
7f3c6d6c2000-7f3c6d6c3000 r--p 0000f000 08:02 9703081                    /usr/lib/x86_64-linux-gnu/libXext.so.6.4.0
7f3c6d6c3000-7f3c6d6c4000 rw-p 00010000 08:02 9703081                    /usr/lib/x86_64-linux-gnu/libXext.so.6.4.0
7f3c6d6de000-7f3c6d6df000 rw-p 00000000 00:00 0 
7f3c6d6df000-7f3c6d6e1000 r--s 00001000 08:02 10234114                   /usr/lib/jvm/java-7-oracle/jre/lib/ext/dnsns.jar
7f3c6d6e1000-7f3c6d6e5000 r--s 0002d000 08:02 10234112                   /usr/lib/jvm/java-7-oracle/jre/lib/ext/sunjce_provider.jar
7f3c6d6e5000-7f3c6d6e6000 r--s 00003000 08:02 10234110                   /usr/lib/jvm/java-7-oracle/jre/lib/ext/sunec.jar
7f3c6d6e6000-7f3c6d736000 r-xp 00000000 08:02 10497092                   /usr/lib/jvm/java-7-oracle/jre/lib/amd64/xawt/libmawt.so
7f3c6d736000-7f3c6d936000 ---p 00050000 08:02 10497092                   /usr/lib/jvm/java-7-oracle/jre/lib/amd64/xawt/libmawt.so
7f3c6d936000-7f3c6d93a000 rw-p 00050000 08:02 10497092                   /usr/lib/jvm/java-7-oracle/jre/lib/amd64/xawt/libmawt.so
7f3c6d93a000-7f3c6d93b000 rw-p 00000000 00:00 0 
7f3c6d93b000-7f3c6d9dd000 r-xp 00000000 08:02 10497103                   /usr/lib/jvm/java-7-oracle/jre/lib/amd64/libawt.so
7f3c6d9dd000-7f3c6dbdd000 ---p 000a2000 08:02 10497103                   /usr/lib/jvm/java-7-oracle/jre/lib/amd64/libawt.so
7f3c6dbdd000-7f3c6dbe9000 rw-p 000a2000 08:02 10497103                   /usr/lib/jvm/java-7-oracle/jre/lib/amd64/libawt.so
7f3c6dbe9000-7f3c6dc0d000 rw-p 00000000 00:00 0 
7f3c6dc0d000-7f3c6dc10000 r--s 00019000 08:02 9975339                    /usr/lib/jvm/java-7-oracle/jre/lib/jce.jar
7f3c6dc10000-7f3c6dc13000 ---p 00000000 00:00 0 
7f3c6dc13000-7f3c6dd11000 rw-p 00000000 00:00 0                          [stack:19840]
7f3c6dd11000-7f3c6dd14000 ---p 00000000 00:00 0 
7f3c6dd14000-7f3c6de12000 rw-p 00000000 00:00 0                          [stack:19842]
7f3c6de12000-7f3c6de15000 ---p 00000000 00:00 0 
7f3c6de15000-7f3c6df13000 rw-p 00000000 00:00 0                          [stack:19851]
7f3c6df13000-7f3c6df16000 ---p 00000000 00:00 0 
7f3c6df16000-7f3c6e014000 rw-p 00000000 00:00 0                          [stack:19843]
7f3c6e014000-7f3c6e017000 ---p 00000000 00:00 0 
7f3c6e017000-7f3c6e115000 rw-p 00000000 00:00 0                          [stack:19850]
7f3c6e115000-7f3c6e11e000 r--s 0006d000 08:02 16122916                   /home/keith/.m2/repository/log4j/log4j/1.2.16/log4j-1.2.16.jar
7f3c6e11e000-7f3c6e136000 r--s 0014e000 08:02 16133624                   /home/keith/.m2/repository/org/apache/lucene/lucene-core/3.5.0/lucene-core-3.5.0.jar
7f3c6e136000-7f3c6e138000 r--s 0000a000 08:02 16122902                   /home/keith/.m2/repository/org/json/json/20090211/json-20090211.jar
7f3c6e138000-7f3c6e13c000 r--s 00038000 08:02 21235131                   /home/keith/.m2/repository/ch/ethz/ganymed/ganymed-ssh2/build210/ganymed-ssh2-build210.jar
7f3c6e13c000-7f3c6e13e000 r--s 00008000 08:02 16122908                   /home/keith/.m2/repository/commons-logging/commons-logging/1.0.4/commons-logging-1.0.4.jar
7f3c6e13e000-7f3c6e153000 r--s 0016a000 08:02 20580248                   /home/keith/.m2/repository/org/richfaces/framework/richfaces-impl/3.3.3.Final/richfaces-impl-3.3.3.Final.jar
7f3c6e153000-7f3c6e157000 r--s 00020000 08:02 20323507                   /home/keith/.m2/repository/commons-digester/commons-digester/1.8.1/commons-digester-1.8.1.jar
7f3c6e157000-7f3c6e15c000 r--s 00034000 08:02 20196921                   /home/keith/.m2/repository/commons-beanutils/commons-beanutils/1.8.0/commons-beanutils-1.8.0.jar
7f3c6e15c000-7f3c6e169000 r--s 0007f000 08:02 16257158                   /home/keith/.m2/repository/commons-collections/commons-collections/3.2/commons-collections-3.2.jar
7f3c6e169000-7f3c6e16f000 r--s 00025000 08:02 19928870                   /home/keith/.m2/repository/org/richfaces/framework/richfaces-api/3.3.3.Final/richfaces-api-3.3.3.Final.jar
7f3c6e16f000-7f3c6e1bb000 r--s 003f1000 08:02 19012822                   /home/keith/.m2/repository/org/richfaces/ui/richfaces-ui/3.3.3.Final/richfaces-ui-3.3.3.Final.jar
7f3c6e1bb000-7f3c6e1c5000 r--s 0005c000 08:02 18091144                   /home/keith/.m2/repository/jstl/jstl/1.2/jstl-1.2.jar
7f3c6e1c5000-7f3c6e1d0000 r--s 000c7000 08:02 20324986                   /home/keith/.m2/repository/javax/faces/jsf-impl/1.2_15/jsf-impl-1.2_15.jar
7f3c6e1d0000-7f3c6e1d5000 r--s 00054000 08:02 20198608                   /home/keith/.m2/repository/javax/faces/jsf-api/1.2_15/jsf-api-1.2_15.jar
7f3c6e1d5000-7f3c6e1dc000 r--s 00043000 08:02 21632074                   /home/keith/.m2/repository/com/sun/facelets/jsf-facelets/1.1.14/jsf-facelets-1.1.14.jar
7f3c6e1dc000-7f3c6e1df000 r--s 00016000 08:02 21627698                   /home/keith/.m2/repository/com/sun/el/el-ri/1.0/el-ri-1.0.jar
7f3c6e1df000-7f3c6e1e3000 r--s 0003b000 08:02 16122093                   /home/keith/.m2/repository/com/jcraft/jsch/0.1.50/jsch-0.1.50.jar
7f3c6e1e3000-7f3c6e1e6000 r--s 00012000 08:02 20455295                   /home/keith/.m2/repository/idiro/idiro-tm/0.1/idiro-tm-0.1.jar
7f3c6e1e6000-7f3c6e1ed000 r--s 000c7000 08:02 16123041                   /home/keith/.m2/repository/mysql/mysql-connector-java/5.1.23/mysql-connector-java-5.1.23.jar
7f3c6e1ed000-7f3c6e206000 r--s 00130000 08:02 16123039                   /home/keith/.m2/repository/org/apache/poi/poi/3.1-FINAL/poi-3.1-FINAL.jar
7f3c6e206000-7f3c6e20c000 r--s 00048000 08:02 16123038                   /home/keith/.m2/repository/org/apache/commons/commons-lang3/3.1/commons-lang3-3.1.jar
7f3c6e20c000-7f3c6e20e000 r--s 0000b000 08:02 19400794                   /home/keith/.m2/repository/idiro/idiro-base/0.1/idiro-base-0.1.jar
7f3c6e20e000-7f3c6e214000 r--s 00068000 08:02 15991645                   /home/keith/.m2/repository/com/google/protobuf/protobuf-java/2.4.1/protobuf-java-2.4.1.jar
7f3c6e214000-7f3c6e29f000 r--s 007ef000 08:02 17046223                   /home/keith/.m2/repository/org/apache/pig/pig-withouthadoop/0.12.0/pig-withouthadoop-0.12.0.jar
7f3c6e29f000-7f3c6e2a1000 r--s 00005000 08:02 16122937                   /home/keith/.m2/repository/stax/stax-api/1.0.1/stax-api-1.0.1.jar
7f3c6e2a1000-7f3c6e2a3000 r--s 0000e000 08:02 16122936                   /home/keith/.m2/repository/javax/activation/activation/1.1/activation-1.1.jar
7f3c6e2a3000-7f3c6e2a6000 r--s 00013000 08:02 16122935                   /home/keith/.m2/repository/javax/xml/bind/jaxb-api/2.1/jaxb-api-2.1.jar
7f3c6e2a6000-7f3c6e2b7000 r--s 00099000 08:02 16122934                   /home/keith/.m2/repository/com/sun/jersey/jersey-server/1.8/jersey-server-1.8.jar
7f3c6e2b7000-7f3c6e2ca000 r--s 000c7000 08:02 16122933                   /home/keith/.m2/repository/com/sun/xml/bind/jaxb-impl/2.2.3-1/jaxb-impl-2.2.3-1.jar
7f3c6e2ca000-7f3c6e2cc000 r--s 0000f000 08:02 16122932                   /home/keith/.m2/repository/org/codehaus/jettison/jettison/1.1/jettison-1.1.jar
7f3c6e2cc000-7f3c6e2d0000 r--s 00021000 08:02 16122931                   /home/keith/.m2/repository/com/sun/jersey/jersey-json/1.8/jersey-json-1.8.jar
7f3c6e2d0000-7f3c6e2da000 r--s 00066000 08:02 16122930                   /home/keith/.m2/repository/com/sun/jersey/jersey-core/1.8/jersey-core-1.8.jar
7f3c6e2da000-7f3c6e2dc000 r--s 00004000 08:02 16122929                   /home/keith/.m2/repository/org/jamon/jamon-runtime/2.3.1/jamon-runtime-2.3.1.jar
7f3c6e2dc000-7f3c6e2de000 r--s 00001000 08:02 16122928                   /home/keith/.m2/repository/org/slf4j/slf4j-log4j12/1.4.3/slf4j-log4j12-1.4.3.jar
7f3c6e2de000-7f3c6e2df000 r--s 00003000 08:02 16122927                   /home/keith/.m2/repository/org/slf4j/slf4j-api/1.4.3/slf4j-api-1.4.3.jar
7f3c6e2df000-7f3c6e2e0000 r--s 00007000 08:02 16122926                   /home/keith/.m2/repository/org/codehaus/jackson/jackson-xc/1.8.8/jackson-xc-1.8.8.jar
7f3c6e2e0000-7f3c6e2e1000 r--s 00004000 08:02 16122925                   /home/keith/.m2/repository/org/codehaus/jackson/jackson-jaxrs/1.8.8/jackson-jaxrs-1.8.8.jar
7f3c6e2e1000-7f3c6e2e5000 r--s 00034000 08:02 16122924                   /home/keith/.m2/repository/org/codehaus/jackson/jackson-core-asl/1.8.8/jackson-core-asl-1.8.8.jar
7f3c6e2e5000-7f3c6e3cb000 r--s 00bcd000 08:02 16122923                   /home/keith/.m2/repository/org/jruby/jruby-complete/1.6.5/jruby-complete-1.6.5.jar
7f3c6e3cb000-7f3c6e3d7000 r--s 000b3000 08:02 16122922                   /home/keith/.m2/repository/org/apache/zookeeper/zookeeper/3.4.5/zookeeper-3.4.5.jar
7f3c6e3d7000-7f3c6e3df000 r--s 00066000 08:02 16122921                   /home/keith/.m2/repository/org/apache/velocity/velocity/1.7/velocity-1.7.jar
7f3c6e3df000-7f3c6e3ee000 r--s 000b2000 08:02 16122920                   /home/keith/.m2/repository/org/jboss/netty/netty/3.2.4.Final/netty-3.2.4.Final.jar
7f3c6e3ee000-7f3c6e3f2000 r--s 00026000 08:02 16122919                   /home/keith/.m2/repository/org/apache/avro/avro-ipc/1.5.3/avro-ipc-1.5.3.jar
7f3c6e3f2000-7f3c6e3f4000 r--s 000f2000 08:02 16122918                   /home/keith/.m2/repository/org/xerial/snappy/snappy-java/1.0.3.2/snappy-java-1.0.3.2.jar
7f3c6e3f4000-7f3c6e3fa000 r--s 0003b000 08:02 16122917                   /home/keith/.m2/repository/org/apache/avro/avro/1.5.3/avro-1.5.3.jar
7f3c6e3fa000-7f3c6e3ff000 r--s 00040000 08:02 16122915                   /home/keith/.m2/repository/commons-lang/commons-lang/2.5/commons-lang-2.5.jar
7f3c6e3ff000-7f3c6e402000 r--s 00025000 08:02 16122914                   /home/keith/.m2/repository/commons-io/commons-io/2.1/commons-io-2.1.jar
7f3c6e402000-7f3c6e405000 r--s 00015000 08:02 16122913                   /home/keith/.m2/repository/com/github/stephenc/high-scale-lib/high-scale-lib/1.1.1/high-scale-lib-1.1.1.jar
7f3c6e405000-7f3c6e408000 r--s 00006000 08:02 16122912                   /home/keith/.m2/repository/com/google/code/findbugs/jsr305/1.3.9/jsr305-1.3.9.jar
7f3c6e408000-7f3c6e429000 r--s 00172000 08:02 16122911                   /home/keith/.m2/repository/com/google/guava/guava/11.0.2/guava-11.0.2.jar
7f3c6e429000-7f3c6e42c000 r--s 00012000 08:02 16122910                   /home/keith/.m2/repository/com/yammer/metrics/metrics-core/2.1.2/metrics-core-2.1.2.jar
7f3c6e42c000-7f3c6e472000 r--s 00446000 08:02 16122909                   /home/keith/.m2/repository/org/apache/hbase/hbase/0.94.4/hbase-0.94.4.jar
7f3c6e472000-7f3c6e477000 r--s 00026000 08:02 16122907                   /home/keith/.m2/repository/org/apache/httpcomponents/httpcore/4.0.1/httpcore-4.0.1.jar
7f3c6e477000-7f3c6e47f000 r--s 00040000 08:02 16122906                   /home/keith/.m2/repository/org/apache/httpcomponents/httpclient/4.0.1/httpclient-4.0.1.jar
7f3c6e47f000-7f3c6e485000 r--s 00044000 08:02 16122904                   /home/keith/.m2/repository/org/apache/thrift/libthrift/0.7.0/libthrift-0.7.0.jar
7f3c6e485000-7f3c6e487000 r--s 00003000 08:02 16122903                   /home/keith/.m2/repository/com/googlecode/javaewah/JavaEWAH/0.3.2/JavaEWAH-0.3.2.jar
7f3c6e487000-7f3c6e488000 r--s 00000000 08:02 24515040                   /home/keith/.m2/repository/org/apache/hive/hive-builtins/0.9.0/hive-builtins-0.9.0.jar
7f3c6e488000-7f3c6e4be000 r--s 00328000 08:02 24515039                   /home/keith/.m2/repository/org/apache/hive/hive-exec/0.9.0/hive-exec-0.9.0.jar
7f3c6e4be000-7f3c6e4c1000 r--s 00028000 08:02 24515038                   /home/keith/.m2/repository/org/apache/hive/hive-service/0.9.0/hive-service-0.9.0.jar
7f3c6e4c1000-7f3c6e4db000 r--s 0012f000 08:02 16122898                   /home/keith/.m2/repository/org/mockito/mockito-all/1.8.2/mockito-all-1.8.2.jar
7f3c6e4db000-7f3c6e4e7000 r--s 00073000 08:02 24515034                   /home/keith/.m2/repository/org/apache/hive/hive-serde/0.9.0/hive-serde-0.9.0.jar
7f3c6e4e7000-7f3c6e4e8000 r--s 0000a000 08:02 16122896                   /home/keith/.m2/repository/asm/asm/3.1/asm-3.1.jar
7f3c6e4e8000-7f3c6e4eb000 r--s 00028000 08:02 16122895                   /home/keith/.m2/repository/org/apache/thrift/libfb303/0.7.0/libfb303-0.7.0.jar
7f3c6e4eb000-7f3c6e511000 r--s 00230000 08:02 16122894                   /home/keith/.m2/repository/org/apache/derby/derby/10.4.2.0/derby-10.4.2.0.jar
7f3c6e511000-7f3c6e512000 r--s 00003000 08:02 16122893                   /home/keith/.m2/repository/javax/transaction/jta/1.1/jta-1.1.jar
7f3c6e512000-7f3c6e517000 r--s 0002c000 08:02 16122823                   /home/keith/.m2/repository/javax/jdo/jdo2-api/2.3-ec/jdo2-api-2.3-ec.jar
7f3c6e517000-7f3c6e526000 r--s 0011d000 08:02 16122822                   /home/keith/.m2/repository/org/datanucleus/datanucleus-rdbms/2.0.3/datanucleus-rdbms-2.0.3.jar
7f3c6e526000-7f3c6e529000 r--s 0002b000 08:02 16122821                   /home/keith/.m2/repository/org/datanucleus/datanucleus-enhancer/2.0.3/datanucleus-enhancer-2.0.3.jar
7f3c6e529000-7f3c6e544000 r--s 001ce000 08:02 16122820                   /home/keith/.m2/repository/org/datanucleus/datanucleus-core/2.0.3/datanucleus-core-2.0.3.jar
7f3c6e544000-7f3c6e546000 r--s 00003000 08:02 16122819                   /home/keith/.m2/repository/org/datanucleus/datanucleus-connectionpool/2.0.3/datanucleus-connectionpool-2.0.3.jar
7f3c6e546000-7f3c6e549000 r--s 00015000 08:02 16122892                   /home/keith/.m2/repository/commons-pool/commons-pool/1.5.4/commons-pool-1.5.4.jar
7f3c6e549000-7f3c6e54c000 r--s 00025000 08:02 16123523                   /home/keith/.m2/repository/commons-dbcp/commons-dbcp/1.4/commons-dbcp-1.4.jar
7f3c6e54c000-7f3c6e54f000 r--s 00017000 08:02 15992750                   /home/keith/.m2/repository/org/antlr/antlr-runtime/3.0.1/antlr-runtime-3.0.1.jar
7f3c6e54f000-7f3c6e554000 r--s 00068000 08:02 16122890                   /home/keith/.m2/repository/antlr/antlr/2.7.7/antlr-2.7.7.jar
7f3c6e554000-7f3c6e558000 r--s 00035000 08:02 15992751                   /home/keith/.m2/repository/org/antlr/stringtemplate/3.1-b1/stringtemplate-3.1-b1.jar
7f3c6e558000-7f3c6e55f000 r--s 00083000 08:02 16122889                   /home/keith/.m2/repository/org/antlr/antlr/3.0.1/antlr-3.0.1.jar
7f3c6e55f000-7f3c6e572000 r--s 00191000 08:02 24515032                   /home/keith/.m2/repository/org/apache/hive/hive-metastore/0.9.0/hive-metastore-0.9.0.jar
7f3c6e572000-7f3c6e574000 r--s 00005000 08:02 16123522                   /home/keith/.m2/repository/commons-logging/commons-logging-api/1.0.4/commons-logging-api-1.0.4.jar
7f3c6e574000-7f3c6e577000 r--s 00019000 08:02 24515030                   /home/keith/.m2/repository/org/apache/hive/hive-shims/0.9.0/hive-shims-0.9.0.jar
7f3c6e577000-7f3c6e579000 r--s 0000d000 08:02 24515031                   /home/keith/.m2/repository/org/apache/hive/hive-common/0.9.0/hive-common-0.9.0.jar
7f3c6e579000-7f3c6e57b000 r--s 0000d000 08:02 24515033                   /home/keith/.m2/repository/org/apache/hive/hive-jdbc/0.9.0/hive-jdbc-0.9.0.jar
7f3c6e57b000-7f3c6e582000 r--s 0003c000 08:02 16122883                   /home/keith/.m2/repository/org/codehaus/jackson/jackson-mapper-asl/1.0.1/jackson-mapper-asl-1.0.1.jar
7f3c6e582000-7f3c6e5a5000 r--s 00344000 08:02 16122882                   /home/keith/.m2/repository/org/eclipse/jdt/core/3.1.1/core-3.1.1.jar
7f3c6e5a5000-7f3c6e5a7000 r--s 0000e000 08:02 15993211                   /home/keith/.m2/repository/oro/oro/2.0.8/oro-2.0.8.jar
7f3c6e5a7000-7f3c6e5b0000 r--s 000a4000 08:02 16122881                   /home/keith/.m2/repository/hsqldb/hsqldb/1.8.0.10/hsqldb-1.8.0.10.jar
7f3c6e5b0000-7f3c6e5b1000 r--s 00002000 08:02 16122880                   /home/keith/.m2/repository/net/sf/kosmosfs/kfs/0.3/kfs-0.3.jar
7f3c6e5b1000-7f3c6e5b7000 r--s 00057000 08:02 16122879                   /home/keith/.m2/repository/net/java/dev/jets3t/jets3t/0.7.1/jets3t-0.7.1.jar
7f3c6e5b7000-7f3c6e5ba000 r--s 00019000 08:02 16122878                   /home/keith/.m2/repository/commons-el/commons-el/1.0/commons-el-1.0.jar
7f3c6e5ba000-7f3c6e5bf000 r--s 0005e000 08:02 15991806                   /home/keith/.m2/repository/tomcat/jasper-compiler/5.5.12/jasper-compiler-5.5.12.jar
7f3c6e5bf000-7f3c6e5c1000 r--s 00011000 08:02 15993208                   /home/keith/.m2/repository/tomcat/jasper-runtime/5.5.12/jasper-runtime-5.5.12.jar
7f3c6e5c1000-7f3c6e5c5000 r--s 00028000 08:02 15993207                   /home/keith/.m2/repository/org/mortbay/jetty/jetty-util/6.1.26/jetty-util-6.1.26.jar
7f3c6e5c5000-7f3c6e5cc000 r--s 0007d000 08:02 15993205                   /home/keith/.m2/repository/org/mortbay/jetty/jetty/6.1.26/jetty-6.1.26.jar
7f3c6e5cc000-7f3c6e5d1000 r--s 00028000 08:02 15993204                   /home/keith/.m2/repository/commons-net/commons-net/1.4.1/commons-net-1.4.1.jar
7f3c6e5d1000-7f3c6e5d5000 r--s 0002f000 08:02 15993203                   /home/keith/.m2/repository/commons-beanutils/commons-beanutils-core/1.8.0/commons-beanutils-core-1.8.0.jar
7f3c6e5d5000-7f3c6e5db000 r--s 00043000 08:02 15993193                   /home/keith/.m2/repository/commons-configuration/commons-configuration/1.6/commons-configuration-1.6.jar
7f3c6e5db000-7f3c6e5ec000 r--s 000bb000 08:02 15993192                   /home/keith/.m2/repository/org/apache/commons/commons-math/2.1/commons-math-2.1.jar
7f3c6e5ec000-7f3c6e5ee000 r--s 0000d000 08:02 15993191                   /home/keith/.m2/repository/commons-codec/commons-codec/1.4/commons-codec-1.4.jar
7f3c6e5ee000-7f3c6e5f3000 r--s 00040000 08:02 15993190                   /home/keith/.m2/repository/commons-httpclient/commons-httpclient/3.0.1/commons-httpclient-3.0.1.jar
7f3c6e5f3000-7f3c6e5f4000 r--s 00003000 08:02 15993189                   /home/keith/.m2/repository/xmlenc/xmlenc/0.52/xmlenc-0.52.jar
7f3c6e5f4000-7f3c6e5f6000 r--s 00009000 08:02 15993188                   /home/keith/.m2/repository/commons-cli/commons-cli/1.2/commons-cli-1.2.jar
7f3c6e5f6000-7f3c6e62d000 r--s 00389000 08:02 15993187                   /home/keith/.m2/repository/org/apache/hadoop/hadoop-core/1.0.4/hadoop-core-1.0.4.jar
7f3c6e62d000-7f3c6e630000 r--s 00be2000 08:02 15598424                   /home/keith/.m2/repository/org/scalanlp/jblas/1.2.1/jblas-1.2.1.jar
7f3c6e630000-7f3c6e632000 r--s 0000e000 08:02 20455267                   /home/keith/.m2/repository/idiro/idiro-hadoop/0.1/idiro-hadoop-0.1.jar
7f3c6e632000-7f3c6e635000 r--s 0000d000 08:02 27526283                   /home/keith/.m2/repository/idiro/redsqirl-wf-interface/0.1-SNAPSHOT/redsqirl-wf-interface-0.1-SNAPSHOT.jar
7f3c6e635000-7f3c6e63d000 r-xp 00000000 08:02 10489312                   /usr/lib/jvm/java-7-oracle/jre/lib/amd64/libmanagement.so
7f3c6e63d000-7f3c6e83c000 ---p 00008000 08:02 10489312                   /usr/lib/jvm/java-7-oracle/jre/lib/amd64/libmanagement.so
7f3c6e83c000-7f3c6e83d000 rw-p 00007000 08:02 10489312                   /usr/lib/jvm/java-7-oracle/jre/lib/amd64/libmanagement.so
7f3c6e83d000-7f3c6e847000 r--s 00251000 08:02 9975280                    /usr/lib/jvm/java-7-oracle/jre/lib/resources.jar
7f3c6e847000-7f3c6e84b000 r--s 000f7000 08:02 10234109                   /usr/lib/jvm/java-7-oracle/jre/lib/ext/localedata.jar
7f3c6e84b000-7f3c6e84f000 r--s 00039000 08:02 21758065                   /home/keith/.m2/repository/org/apache/tomcat/dbcp/6.0.29/dbcp-6.0.29.jar
7f3c6e84f000-7f3c6e85a000 r--s 000af000 08:02 21758064                   /home/keith/.m2/repository/org/apache/tomcat/coyote/6.0.29/coyote-6.0.29.jar
7f3c6e85a000-7f3c6e85c000 r--s 00014000 08:02 21758063                   /home/keith/.m2/repository/org/apache/tomcat/servlet-api/6.0.29/servlet-api-6.0.29.jar
7f3c6e85c000-7f3c6e85e000 r--s 00011000 08:02 21758062                   /home/keith/.m2/repository/org/apache/tomcat/jsp-api/6.0.29/jsp-api-6.0.29.jar
7f3c6e85e000-7f3c6e86a000 r--s 0014c000 08:02 21758061                   /home/keith/.m2/repository/org/apache/tomcat/jasper-jdt/6.0.29/jasper-jdt-6.0.29.jar
7f3c6e86a000-7f3c6e86d000 r--s 00018000 08:02 21758060                   /home/keith/.m2/repository/org/apache/tomcat/jasper-el/6.0.29/jasper-el-6.0.29.jar
7f3c6e86d000-7f3c6e875000 r--s 00079000 08:02 21758059                   /home/keith/.m2/repository/org/apache/tomcat/jasper/6.0.29/jasper-6.0.29.jar
7f3c6e875000-7f3c6e876000 r--s 00007000 08:02 21758058                   /home/keith/.m2/repository/org/apache/tomcat/el-api/6.0.29/el-api-6.0.29.jar
7f3c6e876000-7f3c6e87b000 r--s 00035000 08:02 21758057                   /home/keith/.m2/repository/org/apache/tomcat/tribes/6.0.29/tribes-6.0.29.jar
7f3c6e87b000-7f3c6e87d000 r--s 0001e000 08:02 21758056                   /home/keith/.m2/repository/org/apache/tomcat/catalina-ha/6.0.29/catalina-ha-6.0.29.jar
7f3c6e87d000-7f3c6e87e000 r--s 00003000 08:02 21758055                   /home/keith/.m2/repository/org/apache/tomcat/annotations-api/6.0.29/annotations-api-6.0.29.jar
7f3c6e87e000-7f3c6e87f000 r--s 00006000 08:02 21758054                   /home/keith/.m2/repository/org/apache/tomcat/juli/6.0.29/juli-6.0.29.jar
7f3c6e87f000-7f3c6e88e000 r--s 00114000 08:02 21758053                   /home/keith/.m2/repository/org/apache/tomcat/catalina/6.0.29/catalina-6.0.29.jar
7f3c6e88e000-7f3c6e890000 r--s 0000a000 08:02 16125224                   /home/keith/.m2/repository/commons-codec/commons-codec/1.3/commons-codec-1.3.jar
7f3c6e890000-7f3c6e892000 r--s 00026000 08:02 15993376                   /home/keith/.m2/repository/org/codehaus/plexus/plexus-utils/1.0.4/plexus-utils-1.0.4.jar
7f3c6e892000-7f3c6e895000 r--s 00020000 08:02 19008800                   /home/keith/.m2/repository/org/codehaus/plexus/plexus-archiver/1.0-alpha-7/plexus-archiver-1.0-alpha-7.jar
7f3c6e895000-7f3c6e896000 r--s 00002000 08:02 16123246                   /home/keith/.m2/repository/org/apache/maven/maven-archiver/2.2/maven-archiver-2.2.jar
7f3c6e896000-7f3c6e898000 r--s 0000d000 08:02 18485970                   /home/keith/.m2/repository/org/codehaus/mojo/tomcat-maven-plugin/1.1/tomcat-maven-plugin-1.1.jar
7f3c6e898000-7f3c6e903000 r--s 00e22000 08:02 9836556                    /usr/lib/jvm/java-7-oracle/lib/tools.jar
7f3c6e903000-7f3c6e906000 r--s 0001b000 08:02 16257127                   /home/keith/.m2/repository/junit/junit/3.8.2/junit-3.8.2.jar
7f3c6e906000-7f3c6e914000 r--s 0008f000 08:02 16257126                   /home/keith/.m2/repository/com/google/collections/google-collections/1.0/google-collections-1.0.jar
7f3c6e914000-7f3c6e915000 r--s 0000a000 08:02 16257125                   /home/keith/.m2/repository/commons-logging/commons-logging-api/1.1/commons-logging-api-1.1.jar
7f3c6e915000-7f3c6e91c000 r--s 00051000 08:02 15993197                   /home/keith/.m2/repository/log4j/log4j/1.2.12/log4j-1.2.12.jar
7f3c6e91c000-7f3c6e920000 r--s 0001d000 08:02 16257124                   /home/keith/.m2/repository/org/apache/xbean/xbean-reflect/3.4/xbean-reflect-3.4.jar
7f3c6e920000-7f3c6e921000 r--s 00004000 08:02 15991337                   /home/keith/.m2/repository/org/codehaus/plexus/plexus-compiler-javac/2.2/plexus-compiler-javac-2.2.jar
7f3c6e921000-7f3c6e923000 r--s 00000000 08:02 15991336                   /home/keith/.m2/repository/org/codehaus/plexus/plexus-compiler-manager/2.2/plexus-compiler-manager-2.2.jar
7f3c6e923000-7f3c6e925000 r--s 00005000 08:02 15991335                   /home/keith/.m2/repository/org/codehaus/plexus/plexus-compiler-api/2.2/plexus-compiler-api-2.2.jar
7f3c6e925000-7f3c6e927000 r--s 00000000 08:02 16253459                   /home/keith/.m2/repository/org/codehaus/plexus/plexus-component-annotations/1.5.5/plexus-component-annotations-1.5.5.jar
7f3c6e927000-7f3c6e929000 r--s 00002000 08:02 18877924                   /home/keith/.m2/repository/org/apache/maven/shared/maven-shared-incremental/1.1/maven-shared-incremental-1.1.jar
7f3c6e929000-7f3c6e92b000 r--s 00006000 08:02 18877169                   /home/keith/.m2/repository/com/google/code/findbugs/jsr305/2.0.1/jsr305-2.0.1.jar
7f3c6e92b000-7f3c6e92e000 r--s 00023000 08:02 18877168                   /home/keith/.m2/repository/org/apache/maven/shared/maven-shared-utils/0.1/maven-shared-utils-0.1.jar
7f3c6e92e000-7f3c6e932000 r--s 00030000 08:02 16125189                   /home/keith/.m2/repository/org/codehaus/plexus/plexus-utils/1.5.1/plexus-utils-1.5.1.jar
7f3c6e932000-7f3c6e934000 r--s 00009000 08:02 15991294                   /home/keith/.m2/repository/org/apache/maven/plugins/maven-compiler-plugin/3.1/maven-compiler-plugin-3.1.jar
7f3c6e934000-7f3c6e936000 r--s 0000d000 08:02 15992301                   /home/keith/.m2/repository/org/codehaus/plexus/plexus-interpolation/1.13/plexus-interpolation-1.13.jar
7f3c6e936000-7f3c6e937000 r--s 00001000 08:02 15992369                   /home/keith/.m2/repository/org/sonatype/plexus/plexus-build-api/0.0.4/plexus-build-api-0.0.4.jar
7f3c6e937000-7f3c6e939000 r--s 00009000 08:02 15992790                   /home/keith/.m2/repository/org/apache/maven/shared/maven-filtering/1.1/maven-filtering-1.1.jar
7f3c6e939000-7f3c6e93d000 r--s 00033000 08:02 15992187                   /home/keith/.m2/repository/org/codehaus/plexus/plexus-utils/2.0.5/plexus-utils-2.0.5.jar
7f3c6e93d000-7f3c6e940000 r--s 0001b000 08:02 15991646                   /home/keith/.m2/repository/junit/junit/3.8.1/junit-3.8.1.jar
7f3c6e940000-7f3c6e942000 r--s 00002000 08:02 15992367                   /home/keith/.m2/repository/org/codehaus/plexus/plexus-interactivity-api/1.0-alpha-4/plexus-interactivity-api-1.0-alpha-4.jar
7f3c6e942000-7f3c6e944000 r--s 00006000 08:02 15992366                   /home/keith/.m2/repository/commons-cli/commons-cli/1.0/commons-cli-1.0.jar
7f3c6e944000-7f3c6e945000 r--s 00001000 08:02 15992365                   /home/keith/.m2/repository/org/apache/maven/doxia/doxia-sink-api/1.0-alpha-7/doxia-sink-api-1.0-alpha-7.jar
7f3c6e945000-7f3c6e946000 r--s 00002000 08:02 15992364                   /home/keith/.m2/repository/org/apache/maven/reporting/maven-reporting-api/2.0.6/maven-reporting-api-2.0.6.jar
7f3c6e946000-7f3c6e948000 r--s 00006000 08:02 15992719                   /home/keith/.m2/repository/org/apache/maven/plugins/maven-resources-plugin/2.6/maven-resources-plugin-2.6.jar
7f3c6e948000-7f3c6e94c000 r--s 00034000 08:02 15992305                   /home/keith/.m2/repository/org/codehaus/plexus/plexus-utils/3.0/plexus-utils-3.0.jar
7f3c6e94c000-7f3c6e94e000 r--s 00005000 08:02 15863134                   /home/keith/.m2/repository/org/apache/maven/plugins/maven-clean-plugin/2.5/maven-clean-plugin-2.5.jar
7f3c6e94e000-7f3c6e94f000 r--s 00002000 08:02 16124829                   /home/keith/.m2/repository/org/codehaus/plexus/plexus-interactivity-api/1.0-alpha-6/plexus-interactivity-api-1.0-alpha-6.jar
7f3c6e94f000-7f3c6e951000 r--s 00005000 08:02 16521365                   /home/keith/.m2/repository/org/apache/maven/wagon/wagon-ssh-common/1.0/wagon-ssh-common-1.0.jar
7f3c6e951000-7f3c6e954000 r--s 0002c000 08:02 16124789                   /home/keith/.m2/repository/org/codehaus/plexus/plexus-utils/1.4.2/plexus-utils-1.4.2.jar
7f3c6e954000-7f3c6e958000 r--s 00031000 08:02 18877728                   /home/keith/.m2/repository/com/jcraft/jsch/0.1.44-1/jsch-0.1.44-1.jar
7f3c6e958000-7f3c6e959000 r--s 00006000 08:02 16257253                   /home/keith/.m2/repository/org/apache/maven/wagon/wagon-ssh/1.0/wagon-ssh-1.0.jar
7f3c6e959000-7f3c6e95e000 r--s 0008a000 08:02 9975333                    /usr/lib/jvm/java-7-oracle/jre/lib/jsse.jar
7f3c6e95e000-7f3c6e98f000 rw-p 00000000 00:00 0 
7f3c6e98f000-7f3c6e9a5000 r-xp 00000000 08:02 10497085                   /usr/lib/jvm/java-7-oracle/jre/lib/amd64/libnet.so
7f3c6e9a5000-7f3c6eba5000 ---p 00016000 08:02 10497085                   /usr/lib/jvm/java-7-oracle/jre/lib/amd64/libnet.so
7f3c6eba5000-7f3c6eba6000 rw-p 00016000 08:02 10497085                   /usr/lib/jvm/java-7-oracle/jre/lib/amd64/libnet.so
7f3c6eba6000-7f3c6ebb6000 r-xp 00000000 08:02 10497066                   /usr/lib/jvm/java-7-oracle/jre/lib/amd64/libnio.so
7f3c6ebb6000-7f3c6edb6000 ---p 00010000 08:02 10497066                   /usr/lib/jvm/java-7-oracle/jre/lib/amd64/libnio.so
7f3c6edb6000-7f3c6edb7000 rw-p 00010000 08:02 10497066                   /usr/lib/jvm/java-7-oracle/jre/lib/amd64/libnio.so
7f3c6edb7000-7f3c6edb8000 r--s 00002000 08:02 29938159                   /opt/eclipse/plugins/org.eclipse.m2e.maven.runtime.slf4j.simple_1.5.0.20140605-2032/jars/slf4j-simple-1.7.5.jar
7f3c6edb8000-7f3c6edbd000 r--s 00041000 08:02 29937645                   /opt/eclipse/plugins/org.eclipse.m2e.maven.runtime_1.5.0.20140605-2032/jars/commons-lang-2.6.jar
7f3c6edbd000-7f3c6edbe000 r--s 00002000 08:02 29937639                   /opt/eclipse/plugins/org.eclipse.m2e.maven.runtime_1.5.0.20140605-2032/jars/wagon-file-2.6.jar
7f3c6edbe000-7f3c6edc3000 r--s 00047000 08:02 29937627                   /opt/eclipse/plugins/org.eclipse.m2e.maven.runtime_1.5.0.20140605-2032/jars/okhttp-1.5.4.jar
7f3c6edc3000-7f3c6edec000 r--s 001ee000 08:02 29937648                   /opt/eclipse/plugins/org.eclipse.m2e.maven.runtime_1.5.0.20140605-2032/jars/guava-14.0.1.jar
7f3c6edec000-7f3c6eded000 ---p 00000000 00:00 0 
7f3c6eded000-7f3c6eeed000 rw-p 00000000 00:00 0                          [stack:19830]
7f3c6eeed000-7f3c6eef0000 ---p 00000000 00:00 0 
7f3c6eef0000-7f3c6efee000 rw-p 00000000 00:00 0                          [stack:19829]
7f3c6efee000-7f3c6eff1000 ---p 00000000 00:00 0 
7f3c6eff1000-7f3c6f0ef000 rw-p 00000000 00:00 0                          [stack:19828]
7f3c6f0ef000-7f3c6f0f2000 ---p 00000000 00:00 0 
7f3c6f0f2000-7f3c6f1f0000 rw-p 00000000 00:00 0                          [stack:19827]
7f3c6f1f0000-7f3c6f1f3000 ---p 00000000 00:00 0 
7f3c6f1f3000-7f3c6f2f1000 rw-p 00000000 00:00 0                          [stack:20734]
7f3c6f2f1000-7f3c6f2f4000 ---p 00000000 00:00 0 
7f3c6f2f4000-7f3c6f3f2000 rw-p 00000000 00:00 0                          [stack:19823]
7f3c6f3f2000-7f3c6f3f5000 ---p 00000000 00:00 0 
7f3c6f3f5000-7f3c6f4f3000 rw-p 00000000 00:00 0                          [stack:19820]
7f3c6f4f3000-7f3c6f4f7000 r-xp 00000000 08:02 10497064                   /usr/lib/jvm/java-7-oracle/jre/lib/amd64/libdt_socket.so
7f3c6f4f7000-7f3c6f6f6000 ---p 00004000 08:02 10497064                   /usr/lib/jvm/java-7-oracle/jre/lib/amd64/libdt_socket.so
7f3c6f6f6000-7f3c6f6f7000 rw-p 00003000 08:02 10497064                   /usr/lib/jvm/java-7-oracle/jre/lib/amd64/libdt_socket.so
7f3c6f6f7000-7f3c6f6fa000 ---p 00000000 00:00 0 
7f3c6f6fa000-7f3c6f7f8000 rw-p 00000000 00:00 0                          [stack:19818]
7f3c6f7f8000-7f3c6f7fb000 ---p 00000000 00:00 0 
7f3c6f7fb000-7f3c6f8f9000 rw-p 00000000 00:00 0                          [stack:19817]
7f3c6f8f9000-7f3c6f8fc000 ---p 00000000 00:00 0 
7f3c6f8fc000-7f3c6f9fa000 rw-p 00000000 00:00 0                          [stack:19816]
7f3c6f9fa000-7f3c6f9fb000 ---p 00000000 00:00 0 
7f3c6f9fb000-7f3c70000000 rw-p 00000000 00:00 0                          [stack:19815]
7f3c70000000-7f3c70034000 rw-p 00000000 00:00 0 
7f3c70034000-7f3c74000000 ---p 00000000 00:00 0 
7f3c74000000-7f3c74002000 r--s 00007000 08:02 29937625                   /opt/eclipse/plugins/org.eclipse.m2e.maven.runtime_1.5.0.20140605-2032/jars/aether-connector-wagon-0.9.0.M2.jar
7f3c74002000-7f3c74004000 r--s 0000d000 08:02 29937632                   /opt/eclipse/plugins/org.eclipse.m2e.maven.runtime_1.5.0.20140605-2032/jars/aether-connector-okhttp-0.12.0.jar
7f3c74004000-7f3c74006000 r--s 00003000 08:02 29937638                   /opt/eclipse/plugins/org.eclipse.m2e.maven.runtime_1.5.0.20140605-2032/jars/aether-spi-0.9.0.M2.jar
7f3c74006000-7f3c7400a000 r--s 00020000 08:02 29937646                   /opt/eclipse/plugins/org.eclipse.m2e.maven.runtime_1.5.0.20140605-2032/jars/aether-impl-0.9.0.M2.jar
7f3c7400a000-7f3c7400b000 r--s 00000000 08:02 29937635                   /opt/eclipse/plugins/org.eclipse.m2e.maven.runtime_1.5.0.20140605-2032/jars/javax.inject-1.jar
7f3c7400b000-7f3c74013000 r--s 00050000 08:02 29937644                   /opt/eclipse/plugins/org.eclipse.m2e.maven.runtime_1.5.0.20140605-2032/jars/sisu-guice-3.1.3-no_aop.jar
7f3c74013000-7f3c74019000 r--s 00042000 08:02 29937654                   /opt/eclipse/plugins/org.eclipse.m2e.maven.runtime_1.5.0.20140605-2032/jars/org.eclipse.sisu.inject-0.0.0.M5.jar
7f3c74019000-7f3c7401a000 r--s 00001000 08:02 29937647                   /opt/eclipse/plugins/org.eclipse.m2e.maven.runtime_1.5.0.20140605-2032/jars/jsr250-api-1.0.jar
7f3c7401a000-7f3c7401d000 r--s 00008000 08:02 29937649                   /opt/eclipse/plugins/org.eclipse.m2e.maven.runtime_1.5.0.20140605-2032/jars/cdi-api-1.0.jar
7f3c7401d000-7f3c74023000 r--s 0002a000 08:02 29937640                   /opt/eclipse/plugins/org.eclipse.m2e.maven.runtime_1.5.0.20140605-2032/jars/org.eclipse.sisu.plexus-0.0.0.M5.jar
7f3c74023000-7f3c74025000 r--s 0000b000 08:02 29937643                   /opt/eclipse/plugins/org.eclipse.m2e.maven.runtime_1.5.0.20140605-2032/jars/wagon-provider-api-2.6.jar
7f3c74025000-7f3c7402c000 r--s 0003f000 08:02 29937637                   /opt/eclipse/plugins/org.eclipse.m2e.maven.runtime_1.5.0.20140605-2032/jars/maven-compat-3.2.1.jar
7f3c7402c000-7f3c7402e000 r--s 00009000 08:02 29937652                   /opt/eclipse/plugins/org.eclipse.m2e.maven.runtime_1.5.0.20140605-2032/jars/commons-cli-1.2.jar
7f3c7402e000-7f3c74030000 r--s 00002000 08:02 29937650                   /opt/eclipse/plugins/org.eclipse.m2e.maven.runtime_1.5.0.20140605-2032/jars/plexus-cipher-1.7.jar
7f3c74030000-7f3c74032000 r--s 0000d000 08:02 29937659                   /opt/eclipse/plugins/org.eclipse.m2e.maven.runtime_1.5.0.20140605-2032/jars/maven-embedder-3.2.1.jar
7f3c74032000-7f3c74034000 r--s 00000000 08:02 29937633                   /opt/eclipse/plugins/org.eclipse.m2e.maven.runtime_1.5.0.20140605-2032/jars/plexus-component-annotations-1.5.5.jar
7f3c74034000-7f3c74038000 r--s 0003a000 08:02 29937641                   /opt/eclipse/plugins/org.eclipse.m2e.maven.runtime_1.5.0.20140605-2032/jars/plexus-utils-3.0.17.jar
7f3c74038000-7f3c7403b000 r--s 0000d000 08:02 29937661                   /opt/eclipse/plugins/org.eclipse.m2e.maven.runtime_1.5.0.20140605-2032/jars/plexus-interpolation-1.19.jar
7f3c7403b000-7f3c7403f000 r--s 0001d000 08:02 29937656                   /opt/eclipse/plugins/org.eclipse.m2e.maven.runtime_1.5.0.20140605-2032/jars/aether-util-0.9.0.M2.jar
7f3c7403f000-7f3c74043000 r--s 0001d000 08:02 29937630                   /opt/eclipse/plugins/org.eclipse.m2e.maven.runtime_1.5.0.20140605-2032/jars/aether-api-0.9.0.M2.jar
7f3c74043000-7f3c74af2000 rw-p 00000000 00:00 0 
7f3c74af2000-7f3c74cb2000 r--s 039ea000 08:02 9975358                    /usr/lib/jvm/java-7-oracle/jre/lib/rt.jar
7f3c74cb2000-7f3c770f9000 rw-p 00000000 00:00 0 
7f3c770f9000-7f3c770fa000 ---p 00000000 00:00 0 
7f3c770fa000-7f3c771fa000 rw-p 00000000 00:00 0                          [stack:19813]
7f3c771fa000-7f3c771fb000 ---p 00000000 00:00 0 
7f3c771fb000-7f3c772fb000 rw-p 00000000 00:00 0                          [stack:19812]
7f3c772fb000-7f3c772fc000 ---p 00000000 00:00 0 
7f3c772fc000-7f3c773fc000 rw-p 00000000 00:00 0                          [stack:19811]
7f3c773fc000-7f3c773fd000 ---p 00000000 00:00 0 
7f3c773fd000-7f3c77520000 rw-p 00000000 00:00 0                          [stack:19810]
7f3c77520000-7f3c77646000 rw-p 00000000 00:00 0 
7f3c77646000-7f3c7766d000 rw-p 00000000 00:00 0 
7f3c7766d000-7f3c7766f000 rw-p 00000000 00:00 0 
7f3c7766f000-7f3c77692000 rw-p 00000000 00:00 0 
7f3c77692000-7f3c777b7000 rw-p 00000000 00:00 0 
7f3c777b7000-7f3c7781b000 rw-p 00000000 00:00 0 
7f3c7781b000-7f3c7782e000 ---p 00000000 00:00 0 
7f3c7782e000-7f3c7785c000 rw-p 00000000 00:00 0 
7f3c7785c000-7f3c7785d000 rw-p 00000000 00:00 0 
7f3c7785d000-7f3c77f9d000 rwxp 00000000 00:00 0 
7f3c77f9d000-7f3c7a85d000 rw-p 00000000 00:00 0 
7f3c7a85d000-7f3c7a877000 r-xp 00000000 08:02 10497077                   /usr/lib/jvm/java-7-oracle/jre/lib/amd64/libzip.so
7f3c7a877000-7f3c7aa77000 ---p 0001a000 08:02 10497077                   /usr/lib/jvm/java-7-oracle/jre/lib/amd64/libzip.so
7f3c7aa77000-7f3c7aa78000 rw-p 0001a000 08:02 10497077                   /usr/lib/jvm/java-7-oracle/jre/lib/amd64/libzip.so
7f3c7aa78000-7f3c7aa84000 r-xp 00000000 08:02 25822089                   /lib/x86_64-linux-gnu/libnss_files-2.15.so
7f3c7aa84000-7f3c7ac83000 ---p 0000c000 08:02 25822089                   /lib/x86_64-linux-gnu/libnss_files-2.15.so
7f3c7ac83000-7f3c7ac84000 r--p 0000b000 08:02 25822089                   /lib/x86_64-linux-gnu/libnss_files-2.15.so
7f3c7ac84000-7f3c7ac85000 rw-p 0000c000 08:02 25822089                   /lib/x86_64-linux-gnu/libnss_files-2.15.so
7f3c7ac85000-7f3c7ac8f000 r-xp 00000000 08:02 25824700                   /lib/x86_64-linux-gnu/libnss_nis-2.15.so
7f3c7ac8f000-7f3c7ae8f000 ---p 0000a000 08:02 25824700                   /lib/x86_64-linux-gnu/libnss_nis-2.15.so
7f3c7ae8f000-7f3c7ae90000 r--p 0000a000 08:02 25824700                   /lib/x86_64-linux-gnu/libnss_nis-2.15.so
7f3c7ae90000-7f3c7ae91000 rw-p 0000b000 08:02 25824700                   /lib/x86_64-linux-gnu/libnss_nis-2.15.so
7f3c7ae91000-7f3c7aea8000 r-xp 00000000 08:02 25828264                   /lib/x86_64-linux-gnu/libnsl-2.15.so
7f3c7aea8000-7f3c7b0a7000 ---p 00017000 08:02 25828264                   /lib/x86_64-linux-gnu/libnsl-2.15.so
7f3c7b0a7000-7f3c7b0a8000 r--p 00016000 08:02 25828264                   /lib/x86_64-linux-gnu/libnsl-2.15.so
7f3c7b0a8000-7f3c7b0a9000 rw-p 00017000 08:02 25828264                   /lib/x86_64-linux-gnu/libnsl-2.15.so
7f3c7b0a9000-7f3c7b0ab000 rw-p 00000000 00:00 0 
7f3c7b0ab000-7f3c7b0b3000 r-xp 00000000 08:02 25822084                   /lib/x86_64-linux-gnu/libnss_compat-2.15.so
7f3c7b0b3000-7f3c7b2b2000 ---p 00008000 08:02 25822084                   /lib/x86_64-linux-gnu/libnss_compat-2.15.so
7f3c7b2b2000-7f3c7b2b3000 r--p 00007000 08:02 25822084                   /lib/x86_64-linux-gnu/libnss_compat-2.15.so
7f3c7b2b3000-7f3c7b2b4000 rw-p 00008000 08:02 25822084                   /lib/x86_64-linux-gnu/libnss_compat-2.15.so
7f3c7b2b4000-7f3c7b997000 r--p 00000000 08:02 9705722                    /usr/lib/locale/locale-archive
7f3c7b997000-7f3c7b99a000 r-xp 00000000 08:02 10497097                   /usr/lib/jvm/java-7-oracle/jre/lib/amd64/libnpt.so
7f3c7b99a000-7f3c7bb99000 ---p 00003000 08:02 10497097                   /usr/lib/jvm/java-7-oracle/jre/lib/amd64/libnpt.so
7f3c7bb99000-7f3c7bb9a000 rw-p 00002000 08:02 10497097                   /usr/lib/jvm/java-7-oracle/jre/lib/amd64/libnpt.so
7f3c7bb9a000-7f3c7bbd3000 r-xp 00000000 08:02 10497116                   /usr/lib/jvm/java-7-oracle/jre/lib/amd64/libjdwp.so
7f3c7bbd3000-7f3c7bdd3000 ---p 00039000 08:02 10497116                   /usr/lib/jvm/java-7-oracle/jre/lib/amd64/libjdwp.so
7f3c7bdd3000-7f3c7bdd4000 rw-p 00039000 08:02 10497116                   /usr/lib/jvm/java-7-oracle/jre/lib/amd64/libjdwp.so
7f3c7bdd4000-7f3c7bdd5000 rw-p 00000000 00:00 0 
7f3c7bdd5000-7f3c7bdfe000 r-xp 00000000 08:02 10497090                   /usr/lib/jvm/java-7-oracle/jre/lib/amd64/libjava.so
7f3c7bdfe000-7f3c7bffe000 ---p 00029000 08:02 10497090                   /usr/lib/jvm/java-7-oracle/jre/lib/amd64/libjava.so
7f3c7bffe000-7f3c7c000000 rw-p 00029000 08:02 10497090                   /usr/lib/jvm/java-7-oracle/jre/lib/amd64/libjava.so
7f3c7c000000-7f3c7d094000 rw-p 00000000 00:00 0 
7f3c7d094000-7f3c80000000 ---p 00000000 00:00 0 
7f3c80000000-7f3c80001000 r--s 00006000 08:02 29937660                   /opt/eclipse/plugins/org.eclipse.m2e.maven.runtime_1.5.0.20140605-2032/jars/plexus-sec-dispatcher-1.3.jar
7f3c80001000-7f3c80006000 r--s 00024000 08:02 29937634                   /opt/eclipse/plugins/org.eclipse.m2e.maven.runtime_1.5.0.20140605-2032/jars/maven-model-builder-3.2.1.jar
7f3c80006000-7f3c80008000 r--s 0000a000 08:02 29937626                   /opt/eclipse/plugins/org.eclipse.m2e.maven.runtime_1.5.0.20140605-2032/jars/maven-plugin-api-3.2.1.jar
7f3c80008000-7f3c8000b000 r--s 0000b000 08:02 29937658                   /opt/eclipse/plugins/org.eclipse.m2e.maven.runtime_1.5.0.20140605-2032/jars/maven-artifact-3.2.1.jar
7f3c8000b000-7f3c8000d000 r--s 00005000 08:02 29937657                   /opt/eclipse/plugins/org.eclipse.m2e.maven.runtime_1.5.0.20140605-2032/jars/maven-repository-metadata-3.2.1.jar
7f3c8000d000-7f3c800a7000 rw-p 00000000 00:00 0 
7f3c800a7000-7f3c800a9000 rw-p 00000000 00:00 0 
7f3c800a9000-7f3c800b6000 r-xp 00000000 08:02 10497111                   /usr/lib/jvm/java-7-oracle/jre/lib/amd64/libverify.so
7f3c800b6000-7f3c802b5000 ---p 0000d000 08:02 10497111                   /usr/lib/jvm/java-7-oracle/jre/lib/amd64/libverify.so
7f3c802b5000-7f3c802b7000 rw-p 0000c000 08:02 10497111                   /usr/lib/jvm/java-7-oracle/jre/lib/amd64/libverify.so
7f3c802b7000-7f3c802be000 r-xp 00000000 08:02 25824689                   /lib/x86_64-linux-gnu/librt-2.15.so
7f3c802be000-7f3c804bd000 ---p 00007000 08:02 25824689                   /lib/x86_64-linux-gnu/librt-2.15.so
7f3c804bd000-7f3c804be000 r--p 00006000 08:02 25824689                   /lib/x86_64-linux-gnu/librt-2.15.so
7f3c804be000-7f3c804bf000 rw-p 00007000 08:02 25824689                   /lib/x86_64-linux-gnu/librt-2.15.so
7f3c804bf000-7f3c805ba000 r-xp 00000000 08:02 25824801                   /lib/x86_64-linux-gnu/libm-2.15.so
7f3c805ba000-7f3c807b9000 ---p 000fb000 08:02 25824801                   /lib/x86_64-linux-gnu/libm-2.15.so
7f3c807b9000-7f3c807ba000 r--p 000fa000 08:02 25824801                   /lib/x86_64-linux-gnu/libm-2.15.so
7f3c807ba000-7f3c807bb000 rw-p 000fb000 08:02 25824801                   /lib/x86_64-linux-gnu/libm-2.15.so
7f3c807bb000-7f3c8132e000 r-xp 00000000 08:02 10622241                   /usr/lib/jvm/java-7-oracle/jre/lib/amd64/server/libjvm.so
7f3c8132e000-7f3c8152d000 ---p 00b73000 08:02 10622241                   /usr/lib/jvm/java-7-oracle/jre/lib/amd64/server/libjvm.so
7f3c8152d000-7f3c815f1000 rw-p 00b72000 08:02 10622241                   /usr/lib/jvm/java-7-oracle/jre/lib/amd64/server/libjvm.so
7f3c815f1000-7f3c81632000 rw-p 00000000 00:00 0 
7f3c81632000-7f3c817e7000 r-xp 00000000 08:02 25822082                   /lib/x86_64-linux-gnu/libc-2.15.so
7f3c817e7000-7f3c819e6000 ---p 001b5000 08:02 25822082                   /lib/x86_64-linux-gnu/libc-2.15.so
7f3c819e6000-7f3c819ea000 r--p 001b4000 08:02 25822082                   /lib/x86_64-linux-gnu/libc-2.15.so
7f3c819ea000-7f3c819ec000 rw-p 001b8000 08:02 25822082                   /lib/x86_64-linux-gnu/libc-2.15.so
7f3c819ec000-7f3c819f1000 rw-p 00000000 00:00 0 
7f3c819f1000-7f3c819f3000 r-xp 00000000 08:02 25827660                   /lib/x86_64-linux-gnu/libdl-2.15.so
7f3c819f3000-7f3c81bf3000 ---p 00002000 08:02 25827660                   /lib/x86_64-linux-gnu/libdl-2.15.so
7f3c81bf3000-7f3c81bf4000 r--p 00002000 08:02 25827660                   /lib/x86_64-linux-gnu/libdl-2.15.so
7f3c81bf4000-7f3c81bf5000 rw-p 00003000 08:02 25827660                   /lib/x86_64-linux-gnu/libdl-2.15.so
7f3c81bf5000-7f3c81c0b000 r-xp 00000000 08:02 9975117                    /usr/lib/jvm/java-7-oracle/lib/amd64/jli/libjli.so
7f3c81c0b000-7f3c81e0b000 ---p 00016000 08:02 9975117                    /usr/lib/jvm/java-7-oracle/lib/amd64/jli/libjli.so
7f3c81e0b000-7f3c81e0c000 rw-p 00016000 08:02 9975117                    /usr/lib/jvm/java-7-oracle/lib/amd64/jli/libjli.so
7f3c81e0c000-7f3c81e24000 r-xp 00000000 08:02 25824788                   /lib/x86_64-linux-gnu/libpthread-2.15.so
7f3c81e24000-7f3c82023000 ---p 00018000 08:02 25824788                   /lib/x86_64-linux-gnu/libpthread-2.15.so
7f3c82023000-7f3c82024000 r--p 00017000 08:02 25824788                   /lib/x86_64-linux-gnu/libpthread-2.15.so
7f3c82024000-7f3c82025000 rw-p 00018000 08:02 25824788                   /lib/x86_64-linux-gnu/libpthread-2.15.so
7f3c82025000-7f3c82029000 rw-p 00000000 00:00 0 
7f3c82029000-7f3c8204b000 r-xp 00000000 08:02 25824805                   /lib/x86_64-linux-gnu/ld-2.15.so
7f3c8204b000-7f3c8204c000 r--s 0000e000 08:02 29937629                   /opt/eclipse/plugins/org.eclipse.m2e.maven.runtime_1.5.0.20140605-2032/jars/maven-aether-provider-3.2.1.jar
7f3c8204c000-7f3c8204e000 r--s 00009000 08:02 29937631                   /opt/eclipse/plugins/org.eclipse.m2e.maven.runtime_1.5.0.20140605-2032/jars/maven-settings-builder-3.2.1.jar
7f3c8204e000-7f3c82050000 r--s 00009000 08:02 29937636                   /opt/eclipse/plugins/org.eclipse.m2e.maven.runtime_1.5.0.20140605-2032/jars/maven-settings-3.2.1.jar
7f3c82050000-7f3c82053000 r--s 00025000 08:02 29937653                   /opt/eclipse/plugins/org.eclipse.m2e.maven.runtime_1.5.0.20140605-2032/jars/maven-model-3.2.1.jar
7f3c82053000-7f3c8205f000 r--s 00081000 08:02 29937655                   /opt/eclipse/plugins/org.eclipse.m2e.maven.runtime_1.5.0.20140605-2032/jars/maven-core-3.2.1.jar
7f3c8205f000-7f3c82060000 r--s 00003000 08:02 29937642                   /opt/eclipse/plugins/org.eclipse.m2e.maven.runtime_1.5.0.20140605-2032/jars/takari-filemanager-0.7.0.jar
7f3c82060000-7f3c82062000 r--s 00001000 08:02 29937628                   /opt/eclipse/plugins/org.eclipse.m2e.maven.runtime_1.5.0.20140605-2032/jars/takari-local-repository-0.9.0.jar
7f3c82062000-7f3c8207f000 rw-p 00000000 00:00 0 
7f3c8207f000-7f3c82122000 rw-p 00000000 00:00 0 
7f3c82122000-7f3c82125000 ---p 00000000 00:00 0 
7f3c82125000-7f3c82227000 rw-p 00000000 00:00 0                          [stack:19809]
7f3c82227000-7f3c8222a000 r--s 0000a000 08:02 29937651                   /opt/eclipse/plugins/org.eclipse.m2e.maven.runtime_1.5.0.20140605-2032/jars/plexus-classworlds-2.5.1.jar
7f3c8222a000-7f3c8223f000 rw-p 00000000 00:00 0 
7f3c8223f000-7f3c82247000 rw-s 00000000 08:02 24774862                   /tmp/hsperfdata_keith/19803
7f3c82247000-7f3c82248000 rw-p 00000000 00:00 0 
7f3c82248000-7f3c82249000 ---p 00000000 00:00 0 
7f3c82249000-7f3c8224b000 rw-p 00000000 00:00 0 
7f3c8224b000-7f3c8224c000 r--p 00022000 08:02 25824805                   /lib/x86_64-linux-gnu/ld-2.15.so
7f3c8224c000-7f3c8224e000 rw-p 00023000 08:02 25824805                   /lib/x86_64-linux-gnu/ld-2.15.so
7fff4a8f8000-7fff4a919000 rw-p 00000000 00:00 0                          [stack]
7fff4a937000-7fff4a939000 r-xp 00000000 00:00 0                          [vdso]
ffffffffff600000-ffffffffff601000 r-xp 00000000 00:00 0                  [vsyscall]

VM Arguments:
jvm_args: -agentlib:jdwp=transport=dt_socket,suspend=y,address=localhost:54877 -Dmaven.home=EMBEDDED -Dclassworlds.conf=/home/keith/project/.metadata/.plugins/org.eclipse.m2e.launching/launches/m2conf5042443917922080612.tmp -Dfile.encoding=UTF-8 
java_command: org.codehaus.plexus.classworlds.launcher.Launcher -B -o clean compile tomcat:run
Launcher Type: SUN_STANDARD

Environment Variables:
JAVA_HOME=/usr/lib/jvm/java-7-oracle/jre
PATH=/usr/local/bin:/usr/bin:/bin:/usr/games
USERNAME=keith
SHELL=/bin/bash
DISPLAY=:0

Signal Handlers:
SIGSEGV: [libjvm.so+0x9a1a10], sa_mask[0]=0x7ffbfeff, sa_flags=0x10000004
SIGBUS: [libjvm.so+0x9a1a10], sa_mask[0]=0x7ffbfeff, sa_flags=0x10000004
SIGFPE: [libjvm.so+0x81bae0], sa_mask[0]=0x7ffbfeff, sa_flags=0x10000004
SIGPIPE: [libjvm.so+0x81bae0], sa_mask[0]=0x7ffbfeff, sa_flags=0x10000004
SIGXFSZ: [libjvm.so+0x81bae0], sa_mask[0]=0x7ffbfeff, sa_flags=0x10000004
SIGILL: [libjvm.so+0x81bae0], sa_mask[0]=0x7ffbfeff, sa_flags=0x10000004
SIGUSR1: SIG_DFL, sa_mask[0]=0x00000000, sa_flags=0x00000000
SIGUSR2: [libjvm.so+0x81d2e0], sa_mask[0]=0x00000004, sa_flags=0x10000004
SIGHUP: [libjvm.so+0x81e400], sa_mask[0]=0x7ffbfeff, sa_flags=0x10000004
SIGINT: [libjvm.so+0x81e400], sa_mask[0]=0x7ffbfeff, sa_flags=0x10000004
SIGTERM: [libjvm.so+0x81e400], sa_mask[0]=0x7ffbfeff, sa_flags=0x10000004
SIGQUIT: [libjvm.so+0x81e400], sa_mask[0]=0x7ffbfeff, sa_flags=0x10000004


---------------  S Y S T E M  ---------------

OS:wheezy/sid

uname:Linux 3.13.0-37-generic #64~precise1-Ubuntu SMP Wed Sep 24 21:37:11 UTC 2014 x86_64
libc:glibc 2.15 NPTL 2.15 
rlimit: STACK 8192k, CORE 0k, NPROC 30882, NOFILE 4096, AS infinity
load average:0.36 0.56 0.57

/proc/meminfo:
MemTotal:        4035636 kB
MemFree:          278420 kB
Buffers:            3904 kB
Cached:           309776 kB
SwapCached:       183776 kB
Active:          2205176 kB
Inactive:        1186908 kB
Active(anon):    2143904 kB
Inactive(anon):   993196 kB
Active(file):      61272 kB
Inactive(file):   193712 kB
Unevictable:          60 kB
Mlocked:              60 kB
SwapTotal:       4161928 kB
SwapFree:        2529752 kB
Dirty:               204 kB
Writeback:             0 kB
AnonPages:       2989228 kB
Mapped:           122252 kB
Shmem:             58444 kB
Slab:              85244 kB
SReclaimable:      46588 kB
SUnreclaim:        38656 kB
KernelStack:        6696 kB
PageTables:        64980 kB
NFS_Unstable:          0 kB
Bounce:                0 kB
WritebackTmp:          0 kB
CommitLimit:     6179744 kB
Committed_AS:    9695900 kB
VmallocTotal:   34359738367 kB
VmallocUsed:      275128 kB
VmallocChunk:   34359459080 kB
HardwareCorrupted:     0 kB
AnonHugePages:   1345536 kB
HugePages_Total:       0
HugePages_Free:        0
HugePages_Rsvd:        0
HugePages_Surp:        0
Hugepagesize:       2048 kB
DirectMap4k:       66192 kB
DirectMap2M:     4116480 kB


CPU:total 4 (2 cores per cpu, 2 threads per core) family 6 model 42 stepping 7, cmov, cx8, fxsr, mmx, sse, sse2, sse3, ssse3, sse4.1, sse4.2, popcnt, avx, ht, tsc, tscinvbit

/proc/cpuinfo:
processor	: 0
vendor_id	: GenuineIntel
cpu family	: 6
model		: 42
model name	: Intel(R) Core(TM) i3-2100 CPU @ 3.10GHz
stepping	: 7
microcode	: 0x25
cpu MHz		: 3100.000
cache size	: 3072 KB
physical id	: 0
siblings	: 4
core id		: 0
cpu cores	: 2
apicid		: 0
initial apicid	: 0
fpu		: yes
fpu_exception	: yes
cpuid level	: 13
wp		: yes
flags		: fpu vme de pse tsc msr pae mce cx8 apic sep mtrr pge mca cmov pat pse36 clflush dts acpi mmx fxsr sse sse2 ss ht tm pbe syscall nx rdtscp lm constant_tsc arch_perfmon pebs bts rep_good nopl xtopology nonstop_tsc aperfmperf eagerfpu pni pclmulqdq dtes64 monitor ds_cpl vmx est tm2 ssse3 cx16 xtpr pdcm pcid sse4_1 sse4_2 popcnt tsc_deadline_timer xsave avx lahf_lm arat epb xsaveopt pln pts dtherm tpr_shadow vnmi flexpriority ept vpid
bogomips	: 6186.18
clflush size	: 64
cache_alignment	: 64
address sizes	: 36 bits physical, 48 bits virtual
power management:

processor	: 1
vendor_id	: GenuineIntel
cpu family	: 6
model		: 42
model name	: Intel(R) Core(TM) i3-2100 CPU @ 3.10GHz
stepping	: 7
microcode	: 0x25
cpu MHz		: 1600.000
cache size	: 3072 KB
physical id	: 0
siblings	: 4
core id		: 0
cpu cores	: 2
apicid		: 1
initial apicid	: 1
fpu		: yes
fpu_exception	: yes
cpuid level	: 13
wp		: yes
flags		: fpu vme de pse tsc msr pae mce cx8 apic sep mtrr pge mca cmov pat pse36 clflush dts acpi mmx fxsr sse sse2 ss ht tm pbe syscall nx rdtscp lm constant_tsc arch_perfmon pebs bts rep_good nopl xtopology nonstop_tsc aperfmperf eagerfpu pni pclmulqdq dtes64 monitor ds_cpl vmx est tm2 ssse3 cx16 xtpr pdcm pcid sse4_1 sse4_2 popcnt tsc_deadline_timer xsave avx lahf_lm arat epb xsaveopt pln pts dtherm tpr_shadow vnmi flexpriority ept vpid
bogomips	: 6186.18
clflush size	: 64
cache_alignment	: 64
address sizes	: 36 bits physical, 48 bits virtual
power management:

processor	: 2
vendor_id	: GenuineIntel
cpu family	: 6
model		: 42
model name	: Intel(R) Core(TM) i3-2100 CPU @ 3.10GHz
stepping	: 7
microcode	: 0x25
cpu MHz		: 1600.000
cache size	: 3072 KB
physical id	: 0
siblings	: 4
core id		: 1
cpu cores	: 2
apicid		: 2
initial apicid	: 2
fpu		: yes
fpu_exception	: yes
cpuid level	: 13
wp		: yes
flags		: fpu vme de pse tsc msr pae mce cx8 apic sep mtrr pge mca cmov pat pse36 clflush dts acpi mmx fxsr sse sse2 ss ht tm pbe syscall nx rdtscp lm constant_tsc arch_perfmon pebs bts rep_good nopl xtopology nonstop_tsc aperfmperf eagerfpu pni pclmulqdq dtes64 monitor ds_cpl vmx est tm2 ssse3 cx16 xtpr pdcm pcid sse4_1 sse4_2 popcnt tsc_deadline_timer xsave avx lahf_lm arat epb xsaveopt pln pts dtherm tpr_shadow vnmi flexpriority ept vpid
bogomips	: 6186.18
clflush size	: 64
cache_alignment	: 64
address sizes	: 36 bits physical, 48 bits virtual
power management:

processor	: 3
vendor_id	: GenuineIntel
cpu family	: 6
model		: 42
model name	: Intel(R) Core(TM) i3-2100 CPU @ 3.10GHz
stepping	: 7
microcode	: 0x25
cpu MHz		: 1600.000
cache size	: 3072 KB
physical id	: 0
siblings	: 4
core id		: 1
cpu cores	: 2
apicid		: 3
initial apicid	: 3
fpu		: yes
fpu_exception	: yes
cpuid level	: 13
wp		: yes
flags		: fpu vme de pse tsc msr pae mce cx8 apic sep mtrr pge mca cmov pat pse36 clflush dts acpi mmx fxsr sse sse2 ss ht tm pbe syscall nx rdtscp lm constant_tsc arch_perfmon pebs bts rep_good nopl xtopology nonstop_tsc aperfmperf eagerfpu pni pclmulqdq dtes64 monitor ds_cpl vmx est tm2 ssse3 cx16 xtpr pdcm pcid sse4_1 sse4_2 popcnt tsc_deadline_timer xsave avx lahf_lm arat epb xsaveopt pln pts dtherm tpr_shadow vnmi flexpriority ept vpid
bogomips	: 6186.18
clflush size	: 64
cache_alignment	: 64
address sizes	: 36 bits physical, 48 bits virtual
power management:



Memory: 4k page, physical 4035636k(278420k free), swap 4161928k(2529752k free)

vm_info: Java HotSpot(TM) 64-Bit Server VM (24.72-b04) for linux-amd64 JRE (1.7.0_72-b14), built on Sep 26 2014 18:20:41 by "java_re" with gcc 4.3.0 20080428 (Red Hat 4.3.0-8)

time: Fri Oct 24 12:09:35 2014
elapsed time: 1847 seconds

